
  Scanning for projects...

------------------------------------------------------------------------
Building outputTest 0.0.1
------------------------------------------------------------------------
--- SPM PLUGIN CLEAN ---
SPM PLUGIN CLEAN EXECUTION SUCCESSFULLY!
--- SPM PLUGIN RESOURCES ---
SPM PLUGIN RESOURCES EXECUTION SUCCESSFULLY!
--- SPM PLUGIN COFFEE ---
SPM PLUGIN COFFEE EXECUTION SUCCESSFULLY!
--- SPM PLUGIN LESS ---
SPM PLUGIN LESS EXECUTION SUCCESSFULLY!
--- SPM PLUGIN LINT ---
SPM PLUGIN LINT EXECUTION SUCCESSFULLY!
--- SPM PLUGIN LOADSOURCECONFIG ---
Downloading: http://127.0.0.1:8000/config.json
Downloaded: http://127.0.0.1:8000/config.json
SPM PLUGIN LOADSOURCECONFIG EXECUTION SUCCESSFULLY!
--- SPM PLUGIN DEPENDENCIES ---
PROCESSING MODULE a.js
GENERATE ID    outputTest/0.0.1/a
FOUND DEPENDENCIES "a.js":  []
BEGIN RESOLVE GLOBAL DEPENDENCIES ...... ./a.js
RESOLVE DEPENDENCIES "a.js":  
PROCESSING MODULE allMerge.js
GENERATE ID    outputTest/0.0.1/allMerge
FOUND DEPENDENCIES "allMerge.js":  [ '$',
  'widget',
  './a',
  './b',
  './c',
  './plugins/p1',
  './plugins/p2' ]
FOUND DEPENDENCIES "./a":  []
resolved------> ./a [ './allMerge.js', '$', 'widget', './a' ] ./a ./a
FOUND DEPENDENCIES "./b":  []
resolved------> ./b [ './allMerge.js', '$', 'widget', './a', './a', './b' ] ./b ./b
FOUND DEPENDENCIES "./c":  []
resolved------> ./c [ './allMerge.js', '$', 'widget', './a', './a', './b', './b', './c' ] ./c ./c
FOUND DEPENDENCIES "./plugins/p1":  []
resolved------> ./plugins/p1 [ './allMerge.js',
  '$',
  'widget',
  './a',
  './a',
  './b',
  './b',
  './c',
  './c',
  './plugins/p1' ] ./plugins/p1 ./plugins/p1
FOUND DEPENDENCIES "./plugins/p2":  []
resolved------> ./plugins/p2 [ './allMerge.js',
  '$',
  'widget',
  './a',
  './a',
  './b',
  './b',
  './c',
  './c',
  './plugins/p1',
  './plugins/p1',
  './plugins/p2' ] ./plugins/p2 ./plugins/p2
BEGIN RESOLVE GLOBAL DEPENDENCIES ...... ./allMerge.js,$,widget,./a,./b,./c,./plugins/p1,./plugins/p2
from source getModule: gallery/jquery/1.7.2/jquery
fetch module gallery/jquery/1.7.2/jquery
find requestUrl---> /Users/kanghui/.spm/sources/127.0.0.1-8000/gallery/jquery/1.7.2/jquery.js
mergeModules------> [ 'gallery/jquery/1.7.2/jquery', 'jquery' ]
from source getModule: arale/widget/1.0.2/widget
fetch module arale/widget/1.0.2/widget
find requestUrl---> /Users/kanghui/.spm/sources/127.0.0.1-8000/arale/widget/1.0.2/widget.js
mergeModules------> [ 'arale/widget/1.0.2/daparser',
  'arale/widget/1.0.2/auto-render',
  'arale/widget/1.0.2/widget' ]
RESOLVE DEPENDENCIES "allMerge.js":  ./a, ./b, ./c, ./plugins/p1, ./plugins/p2, gallery/jquery/1.7.2/jquery, arale/widget/1.0.2/widget, arale/base/1.0.1/base, arale/class/1.0.0/class, arale/events/1.0.0/events
PROCESSING MODULE arrayMerge.js
GENERATE ID    outputTest/0.0.1/arrayMerge
FOUND DEPENDENCIES "arrayMerge.js":  [ '$', 'widget', './a.js', './b.js', './c.js' ]
FOUND DEPENDENCIES "./a.js":  []
resolved------> ./a.js [ './arrayMerge.js', '$', 'widget', './a.js' ] ./a.js ./a.js
FOUND DEPENDENCIES "./b.js":  []
resolved------> ./b.js [ './arrayMerge.js', '$', 'widget', './a.js', './a.js', './b.js' ] ./b.js ./b.js
FOUND DEPENDENCIES "./c.js":  []
resolved------> ./c.js [ './arrayMerge.js',
  '$',
  'widget',
  './a.js',
  './a.js',
  './b.js',
  './b.js',
  './c.js' ] ./c.js ./c.js
BEGIN RESOLVE GLOBAL DEPENDENCIES ...... ./arrayMerge.js,$,widget,./a.js,./b.js,./c.js
cache ----------------> gallery/jquery/1.7.2/jquery
cache ----------------> arale/widget/1.0.2/widget
RESOLVE DEPENDENCIES "arrayMerge.js":  ./a.js, ./b.js, ./c.js, gallery/jquery/1.7.2/jquery, arale/widget/1.0.2/widget, arale/base/1.0.1/base, arale/class/1.0.0/class, arale/events/1.0.0/events
PROCESSING MODULE b.js
GENERATE ID    outputTest/0.0.1/b
FOUND DEPENDENCIES "b.js":  []
BEGIN RESOLVE GLOBAL DEPENDENCIES ...... ./b.js
RESOLVE DEPENDENCIES "b.js":  
PROCESSING MODULE c.js
GENERATE ID    outputTest/0.0.1/c
FOUND DEPENDENCIES "c.js":  []
BEGIN RESOLVE GLOBAL DEPENDENCIES ...... ./c.js
RESOLVE DEPENDENCIES "c.js":  
PROCESSING MODULE excludeMergeA.js
GENERATE ID    outputTest/0.0.1/excludeMergeA
FOUND DEPENDENCIES "excludeMergeA.js":  [ '$', 'widget', './a.js', './b.js', './c.js' ]
FOUND DEPENDENCIES "./a.js":  []
resolved------> ./a.js [ './excludeMergeA.js', '$', 'widget', './a.js' ] ./a.js ./a.js
FOUND DEPENDENCIES "./b.js":  []
resolved------> ./b.js [ './excludeMergeA.js',
  '$',
  'widget',
  './a.js',
  './a.js',
  './b.js' ] ./b.js ./b.js
FOUND DEPENDENCIES "./c.js":  []
resolved------> ./c.js [ './excludeMergeA.js',
  '$',
  'widget',
  './a.js',
  './a.js',
  './b.js',
  './b.js',
  './c.js' ] ./c.js ./c.js
BEGIN RESOLVE GLOBAL DEPENDENCIES ...... ./excludeMergeA.js,$,widget,./a.js,./b.js,./c.js
cache ----------------> gallery/jquery/1.7.2/jquery
cache ----------------> arale/widget/1.0.2/widget
RESOLVE DEPENDENCIES "excludeMergeA.js":  ./a.js, ./b.js, ./c.js, gallery/jquery/1.7.2/jquery, arale/widget/1.0.2/widget, arale/base/1.0.1/base, arale/class/1.0.0/class, arale/events/1.0.0/events
PROCESSING MODULE excludeMergeB.js
GENERATE ID    outputTest/0.0.1/excludeMergeB
FOUND DEPENDENCIES "excludeMergeB.js":  [ '$', 'widget', './a.js', './b.js', './c.js' ]
FOUND DEPENDENCIES "./a.js":  []
resolved------> ./a.js [ './excludeMergeB.js', '$', 'widget', './a.js' ] ./a.js ./a.js
FOUND DEPENDENCIES "./b.js":  []
resolved------> ./b.js [ './excludeMergeB.js',
  '$',
  'widget',
  './a.js',
  './a.js',
  './b.js' ] ./b.js ./b.js
FOUND DEPENDENCIES "./c.js":  []
resolved------> ./c.js [ './excludeMergeB.js',
  '$',
  'widget',
  './a.js',
  './a.js',
  './b.js',
  './b.js',
  './c.js' ] ./c.js ./c.js
BEGIN RESOLVE GLOBAL DEPENDENCIES ...... ./excludeMergeB.js,$,widget,./a.js,./b.js,./c.js
cache ----------------> gallery/jquery/1.7.2/jquery
cache ----------------> arale/widget/1.0.2/widget
RESOLVE DEPENDENCIES "excludeMergeB.js":  ./a.js, ./b.js, ./c.js, gallery/jquery/1.7.2/jquery, arale/widget/1.0.2/widget, arale/base/1.0.1/base, arale/class/1.0.0/class, arale/events/1.0.0/events
PROCESSING MODULE js/a.js
GENERATE ID    outputTest/0.0.1/js/a
FOUND DEPENDENCIES "js/a.js":  []
BEGIN RESOLVE GLOBAL DEPENDENCIES ...... ./a.js
RESOLVE DEPENDENCIES "js/a.js":  
PROCESSING MODULE js/b.js
GENERATE ID    outputTest/0.0.1/js/b
FOUND DEPENDENCIES "js/b.js":  []
BEGIN RESOLVE GLOBAL DEPENDENCIES ...... ./b.js
RESOLVE DEPENDENCIES "js/b.js":  
PROCESSING MODULE js/c.js
GENERATE ID    outputTest/0.0.1/js/c
FOUND DEPENDENCIES "js/c.js":  []
BEGIN RESOLVE GLOBAL DEPENDENCIES ...... ./c.js
RESOLVE DEPENDENCIES "js/c.js":  
PROCESSING MODULE localMerge.js
GENERATE ID    outputTest/0.0.1/localMerge
FOUND DEPENDENCIES "localMerge.js":  [ '$', 'widget', './a.js', './b.js', './c.js' ]
FOUND DEPENDENCIES "./a.js":  []
resolved------> ./a.js [ './localMerge.js', '$', 'widget', './a.js' ] ./a.js ./a.js
FOUND DEPENDENCIES "./b.js":  []
resolved------> ./b.js [ './localMerge.js', '$', 'widget', './a.js', './a.js', './b.js' ] ./b.js ./b.js
FOUND DEPENDENCIES "./c.js":  []
resolved------> ./c.js [ './localMerge.js',
  '$',
  'widget',
  './a.js',
  './a.js',
  './b.js',
  './b.js',
  './c.js' ] ./c.js ./c.js
BEGIN RESOLVE GLOBAL DEPENDENCIES ...... ./localMerge.js,$,widget,./a.js,./b.js,./c.js
cache ----------------> gallery/jquery/1.7.2/jquery
cache ----------------> arale/widget/1.0.2/widget
RESOLVE DEPENDENCIES "localMerge.js":  ./a.js, ./b.js, ./c.js, gallery/jquery/1.7.2/jquery, arale/widget/1.0.2/widget, arale/base/1.0.1/base, arale/class/1.0.0/class, arale/events/1.0.0/events
PROCESSING MODULE plugins/p1.js
GENERATE ID    outputTest/0.0.1/plugins/p1
FOUND DEPENDENCIES "plugins/p1.js":  []
BEGIN RESOLVE GLOBAL DEPENDENCIES ...... ./p1.js
RESOLVE DEPENDENCIES "plugins/p1.js":  
PROCESSING MODULE plugins/p2.js
GENERATE ID    outputTest/0.0.1/plugins/p2
FOUND DEPENDENCIES "plugins/p2.js":  []
BEGIN RESOLVE GLOBAL DEPENDENCIES ...... ./p2.js
RESOLVE DEPENDENCIES "plugins/p2.js":  
SPM PLUGIN DEPENDENCIES EXECUTION SUCCESSFULLY!
--- SPM PLUGIN DEPCHECK ---
SPM PLUGIN DEPCHECK EXECUTION SUCCESSFULLY!
--- SPM PLUGIN TPL ---
SPM PLUGIN TPL EXECUTION SUCCESSFULLY!
--- SPM PLUGIN CSS ---
SPM PLUGIN CSS EXECUTION SUCCESSFULLY!
--- SPM PLUGIN OUTPUT ---
[ './a.js', './b.js', './c.js', './excludeMergeA.js' ]
---- ./a.js -1 -1
---- ./b.js -1 -1
---- ./c.js -1 -1
---- ./excludeMergeA.js -1 -1
filted includes: [ './a.js', './b.js', './c.js', './excludeMergeA.js' ]
[ './a.js',
  './b.js',
  './c.js',
  'gallery/jquery/1.7.2/jquery',
  'arale/widget/1.0.2/widget',
  'arale/base/1.0.1/base',
  'arale/class/1.0.0/class',
  'arale/events/1.0.0/events',
  './excludeMergeB.js' ]
---- ./a.js -1 -1
---- ./b.js -1 -1
---- ./c.js -1 -1
---- gallery/jquery/1.7.2/jquery -1 -1
---- arale/widget/1.0.2/widget -1 -1
---- arale/base/1.0.1/base -1 -1
---- arale/class/1.0.0/class -1 -1
---- arale/events/1.0.0/events -1 -1
---- ./excludeMergeB.js -1 -1
filted includes: [ './a.js',
  './b.js',
  './c.js',
  'gallery/jquery/1.7.2/jquery',
  'arale/widget/1.0.2/widget',
  'arale/base/1.0.1/base',
  'arale/class/1.0.0/class',
  'arale/events/1.0.0/events',
  './excludeMergeB.js' ]
---- ./a.js -1
---- ./b.js -1
---- ./a.js -1
---- ./b.js -1
---- ./c.js -1
---- ./plugins/p1.js -1
---- ./plugins/p2.js -1
---- ./allMerge.js -1
---- ./c.js -1
---- ./js/a.js -1
---- ./js/b.js -1
---- ./js/c.js -1
---- ./a.js -1
---- ./b.js -1
---- ./c.js -1
---- ./plugins/p1.js -1
---- ./plugins/p2.js -1
---- gallery/jquery/1.7.2/jquery -1
---- arale/widget/1.0.2/widget -1
---- arale/base/1.0.1/base -1
---- arale/class/1.0.0/class -1
---- arale/events/1.0.0/events -1
---- ./allMerge.js -1
fetch module gallery/jquery/1.7.2/jquery-debug
find requestUrl---> /Users/kanghui/.spm/sources/127.0.0.1-8000/gallery/jquery/1.7.2/jquery-debug.js
fetch module gallery/jquery/1.7.2/jquery
find requestUrl---> /Users/kanghui/.spm/sources/127.0.0.1-8000/gallery/jquery/1.7.2/jquery.js
fetch module arale/widget/1.0.2/widget-debug
find requestUrl---> /Users/kanghui/.spm/sources/127.0.0.1-8000/arale/widget/1.0.2/widget-debug.js
fetch module arale/widget/1.0.2/widget
find requestUrl---> /Users/kanghui/.spm/sources/127.0.0.1-8000/arale/widget/1.0.2/widget.js
fetch module arale/base/1.0.1/base-debug
find requestUrl---> /Users/kanghui/.spm/sources/127.0.0.1-8000/arale/base/1.0.1/base-debug.js
fetch module arale/base/1.0.1/base
find requestUrl---> /Users/kanghui/.spm/sources/127.0.0.1-8000/arale/base/1.0.1/base.js
fetch module arale/class/1.0.0/class-debug
find requestUrl---> /Users/kanghui/.spm/sources/127.0.0.1-8000/arale/class/1.0.0/class-debug.js
fetch module arale/class/1.0.0/class
find requestUrl---> /Users/kanghui/.spm/sources/127.0.0.1-8000/arale/class/1.0.0/class.js
fetch module arale/events/1.0.0/events-debug
find requestUrl---> /Users/kanghui/.spm/sources/127.0.0.1-8000/arale/events/1.0.0/events-debug.js
fetch module arale/events/1.0.0/events
find requestUrl---> /Users/kanghui/.spm/sources/127.0.0.1-8000/arale/events/1.0.0/events.js
---- ./a.js -1
---- ./b.js -1
---- ./c.js -1
---- ./localMerge.js -1
---- ./a.js -1
---- ./b.js -1
---- ./c.js -1
---- ./plugins/p1.js -1
---- ./plugins/p2.js -1
---- gallery/jquery/1.7.2/jquery -1
---- arale/widget/1.0.2/widget -1
---- arale/base/1.0.1/base -1
---- arale/class/1.0.0/class -1
---- arale/events/1.0.0/events -1
---- ./allMerge.js -1
fetch module gallery/jquery/1.7.2/jquery-debug
find requestUrl---> /Users/kanghui/.spm/sources/127.0.0.1-8000/gallery/jquery/1.7.2/jquery-debug.js
fetch module gallery/jquery/1.7.2/jquery
find requestUrl---> /Users/kanghui/.spm/sources/127.0.0.1-8000/gallery/jquery/1.7.2/jquery.js
fetch module arale/widget/1.0.2/widget-debug
find requestUrl---> /Users/kanghui/.spm/sources/127.0.0.1-8000/arale/widget/1.0.2/widget-debug.js
fetch module arale/widget/1.0.2/widget
find requestUrl---> /Users/kanghui/.spm/sources/127.0.0.1-8000/arale/widget/1.0.2/widget.js
fetch module arale/base/1.0.1/base-debug
find requestUrl---> /Users/kanghui/.spm/sources/127.0.0.1-8000/arale/base/1.0.1/base-debug.js
fetch module arale/base/1.0.1/base
find requestUrl---> /Users/kanghui/.spm/sources/127.0.0.1-8000/arale/base/1.0.1/base.js
fetch module arale/class/1.0.0/class-debug
find requestUrl---> /Users/kanghui/.spm/sources/127.0.0.1-8000/arale/class/1.0.0/class-debug.js
fetch module arale/class/1.0.0/class
find requestUrl---> /Users/kanghui/.spm/sources/127.0.0.1-8000/arale/class/1.0.0/class.js
fetch module arale/events/1.0.0/events-debug
find requestUrl---> /Users/kanghui/.spm/sources/127.0.0.1-8000/arale/events/1.0.0/events-debug.js
fetch module arale/events/1.0.0/events
find requestUrl---> /Users/kanghui/.spm/sources/127.0.0.1-8000/arale/events/1.0.0/events.js
---- ./arrayMerge.js -1
---- ./a.js -1
---- ./b.js -1
---- ./c.js -1
---- ./a.js -1
---- ./b.js -1
---- ./c.js -1
---- ./excludeMergeA.js -1
---- ./a.js -1
---- ./b.js -1
---- ./c.js -1
---- gallery/jquery/1.7.2/jquery -1
---- arale/widget/1.0.2/widget -1
---- arale/base/1.0.1/base -1
---- arale/class/1.0.0/class -1
---- arale/events/1.0.0/events -1
---- ./excludeMergeB.js -1
fetch module gallery/jquery/1.7.2/jquery-debug
find requestUrl---> /Users/kanghui/.spm/sources/127.0.0.1-8000/gallery/jquery/1.7.2/jquery-debug.js
fetch module gallery/jquery/1.7.2/jquery
find requestUrl---> /Users/kanghui/.spm/sources/127.0.0.1-8000/gallery/jquery/1.7.2/jquery.js
fetch module arale/widget/1.0.2/widget-debug
find requestUrl---> /Users/kanghui/.spm/sources/127.0.0.1-8000/arale/widget/1.0.2/widget-debug.js
fetch module arale/widget/1.0.2/widget
find requestUrl---> /Users/kanghui/.spm/sources/127.0.0.1-8000/arale/widget/1.0.2/widget.js
fetch module arale/base/1.0.1/base-debug
find requestUrl---> /Users/kanghui/.spm/sources/127.0.0.1-8000/arale/base/1.0.1/base-debug.js
fetch module arale/base/1.0.1/base
find requestUrl---> /Users/kanghui/.spm/sources/127.0.0.1-8000/arale/base/1.0.1/base.js
fetch module arale/class/1.0.0/class-debug
find requestUrl---> /Users/kanghui/.spm/sources/127.0.0.1-8000/arale/class/1.0.0/class-debug.js
fetch module arale/class/1.0.0/class
find requestUrl---> /Users/kanghui/.spm/sources/127.0.0.1-8000/arale/class/1.0.0/class.js
fetch module arale/events/1.0.0/events-debug
find requestUrl---> /Users/kanghui/.spm/sources/127.0.0.1-8000/arale/events/1.0.0/events-debug.js
fetch module arale/events/1.0.0/events
find requestUrl---> /Users/kanghui/.spm/sources/127.0.0.1-8000/arale/events/1.0.0/events.js
---- ./plugins/p1.js -1
---- ./plugins/p2.js -1
SPM PLUGIN OUTPUT EXECUTION SUCCESSFULLY!
--- SPM PLUGIN MIN ---
SPM PLUGIN MIN EXECUTION SUCCESSFULLY!
--- SPM PLUGIN INSTALL ---
SPM PLUGIN INSTALL EXECUTION SUCCESSFULLY!
--- SPM PLUGIN ZIP ---
SPM PLUGIN ZIP EXECUTION SUCCESSFULLY!
--- SPM PLUGIN CLEAN ---
SPM PLUGIN CLEAN EXECUTION SUCCESSFULLY!
------------------------------------------------------------------------
BUILD SUCCESS!
------------------------------------------------------------------------
․Scanning for projects...

------------------------------------------------------------------------
Building outputTest 0.0.1
------------------------------------------------------------------------
--- SPM PLUGIN CLEAN ---
SPM PLUGIN CLEAN EXECUTION SUCCESSFULLY!
--- SPM PLUGIN RESOURCES ---
SPM PLUGIN RESOURCES EXECUTION SUCCESSFULLY!
--- SPM PLUGIN COFFEE ---
SPM PLUGIN COFFEE EXECUTION SUCCESSFULLY!
--- SPM PLUGIN LESS ---
SPM PLUGIN LESS EXECUTION SUCCESSFULLY!
--- SPM PLUGIN LINT ---
SPM PLUGIN LINT EXECUTION SUCCESSFULLY!
--- SPM PLUGIN LOADSOURCECONFIG ---
Downloading: http://127.0.0.1:8000/config.json
Downloaded: http://127.0.0.1:8000/config.json
SPM PLUGIN LOADSOURCECONFIG EXECUTION SUCCESSFULLY!
--- SPM PLUGIN DEPENDENCIES ---
PROCESSING MODULE a.js
GENERATE ID    outputTest/0.0.1/a
FOUND DEPENDENCIES "a.js":  []
BEGIN RESOLVE GLOBAL DEPENDENCIES ...... ./a.js
RESOLVE DEPENDENCIES "a.js":  
PROCESSING MODULE allMerge.js
GENERATE ID    outputTest/0.0.1/allMerge
FOUND DEPENDENCIES "allMerge.js":  [ '$',
  'widget',
  './a',
  './b',
  './c',
  './plugins/p1',
  './plugins/p2' ]
FOUND DEPENDENCIES "./a":  []
resolved------> ./a [ './allMerge.js', '$', 'widget', './a' ] ./a ./a
FOUND DEPENDENCIES "./b":  []
resolved------> ./b [ './allMerge.js', '$', 'widget', './a', './a', './b' ] ./b ./b
FOUND DEPENDENCIES "./c":  []
resolved------> ./c [ './allMerge.js', '$', 'widget', './a', './a', './b', './b', './c' ] ./c ./c
FOUND DEPENDENCIES "./plugins/p1":  []
resolved------> ./plugins/p1 [ './allMerge.js',
  '$',
  'widget',
  './a',
  './a',
  './b',
  './b',
  './c',
  './c',
  './plugins/p1' ] ./plugins/p1 ./plugins/p1
FOUND DEPENDENCIES "./plugins/p2":  []
resolved------> ./plugins/p2 [ './allMerge.js',
  '$',
  'widget',
  './a',
  './a',
  './b',
  './b',
  './c',
  './c',
  './plugins/p1',
  './plugins/p1',
  './plugins/p2' ] ./plugins/p2 ./plugins/p2
BEGIN RESOLVE GLOBAL DEPENDENCIES ...... ./allMerge.js,$,widget,./a,./b,./c,./plugins/p1,./plugins/p2
from source getModule: gallery/jquery/1.7.2/jquery
fetch module gallery/jquery/1.7.2/jquery
find requestUrl---> /Users/kanghui/.spm/sources/127.0.0.1-8000/gallery/jquery/1.7.2/jquery.js
mergeModules------> [ 'gallery/jquery/1.7.2/jquery', 'jquery' ]
from source getModule: arale/widget/1.0.2/widget
fetch module arale/widget/1.0.2/widget
find requestUrl---> /Users/kanghui/.spm/sources/127.0.0.1-8000/arale/widget/1.0.2/widget.js
mergeModules------> [ 'arale/widget/1.0.2/daparser',
  'arale/widget/1.0.2/auto-render',
  'arale/widget/1.0.2/widget' ]
RESOLVE DEPENDENCIES "allMerge.js":  ./a, ./b, ./c, ./plugins/p1, ./plugins/p2, gallery/jquery/1.7.2/jquery, arale/widget/1.0.2/widget, arale/base/1.0.1/base, arale/class/1.0.0/class, arale/events/1.0.0/events
PROCESSING MODULE arrayMerge.js
GENERATE ID    outputTest/0.0.1/arrayMerge
FOUND DEPENDENCIES "arrayMerge.js":  [ '$', 'widget', './a.js', './b.js', './c.js' ]
FOUND DEPENDENCIES "./a.js":  []
resolved------> ./a.js [ './arrayMerge.js', '$', 'widget', './a.js' ] ./a.js ./a.js
FOUND DEPENDENCIES "./b.js":  []
resolved------> ./b.js [ './arrayMerge.js', '$', 'widget', './a.js', './a.js', './b.js' ] ./b.js ./b.js
FOUND DEPENDENCIES "./c.js":  []
resolved------> ./c.js [ './arrayMerge.js',
  '$',
  'widget',
  './a.js',
  './a.js',
  './b.js',
  './b.js',
  './c.js' ] ./c.js ./c.js
BEGIN RESOLVE GLOBAL DEPENDENCIES ...... ./arrayMerge.js,$,widget,./a.js,./b.js,./c.js
cache ----------------> gallery/jquery/1.7.2/jquery
cache ----------------> arale/widget/1.0.2/widget
RESOLVE DEPENDENCIES "arrayMerge.js":  ./a.js, ./b.js, ./c.js, gallery/jquery/1.7.2/jquery, arale/widget/1.0.2/widget, arale/base/1.0.1/base, arale/class/1.0.0/class, arale/events/1.0.0/events
PROCESSING MODULE b.js
GENERATE ID    outputTest/0.0.1/b
FOUND DEPENDENCIES "b.js":  []
BEGIN RESOLVE GLOBAL DEPENDENCIES ...... ./b.js
RESOLVE DEPENDENCIES "b.js":  
PROCESSING MODULE c.js
GENERATE ID    outputTest/0.0.1/c
FOUND DEPENDENCIES "c.js":  []
BEGIN RESOLVE GLOBAL DEPENDENCIES ...... ./c.js
RESOLVE DEPENDENCIES "c.js":  
PROCESSING MODULE excludeMergeA.js
GENERATE ID    outputTest/0.0.1/excludeMergeA
FOUND DEPENDENCIES "excludeMergeA.js":  [ '$', 'widget', './a.js', './b.js', './c.js' ]
FOUND DEPENDENCIES "./a.js":  []
resolved------> ./a.js [ './excludeMergeA.js', '$', 'widget', './a.js' ] ./a.js ./a.js
FOUND DEPENDENCIES "./b.js":  []
resolved------> ./b.js [ './excludeMergeA.js',
  '$',
  'widget',
  './a.js',
  './a.js',
  './b.js' ] ./b.js ./b.js
FOUND DEPENDENCIES "./c.js":  []
resolved------> ./c.js [ './excludeMergeA.js',
  '$',
  'widget',
  './a.js',
  './a.js',
  './b.js',
  './b.js',
  './c.js' ] ./c.js ./c.js
BEGIN RESOLVE GLOBAL DEPENDENCIES ...... ./excludeMergeA.js,$,widget,./a.js,./b.js,./c.js
cache ----------------> gallery/jquery/1.7.2/jquery
cache ----------------> arale/widget/1.0.2/widget
RESOLVE DEPENDENCIES "excludeMergeA.js":  ./a.js, ./b.js, ./c.js, gallery/jquery/1.7.2/jquery, arale/widget/1.0.2/widget, arale/base/1.0.1/base, arale/class/1.0.0/class, arale/events/1.0.0/events
PROCESSING MODULE excludeMergeB.js
GENERATE ID    outputTest/0.0.1/excludeMergeB
FOUND DEPENDENCIES "excludeMergeB.js":  [ '$', 'widget', './a.js', './b.js', './c.js' ]
FOUND DEPENDENCIES "./a.js":  []
resolved------> ./a.js [ './excludeMergeB.js', '$', 'widget', './a.js' ] ./a.js ./a.js
FOUND DEPENDENCIES "./b.js":  []
resolved------> ./b.js [ './excludeMergeB.js',
  '$',
  'widget',
  './a.js',
  './a.js',
  './b.js' ] ./b.js ./b.js
FOUND DEPENDENCIES "./c.js":  []
resolved------> ./c.js [ './excludeMergeB.js',
  '$',
  'widget',
  './a.js',
  './a.js',
  './b.js',
  './b.js',
  './c.js' ] ./c.js ./c.js
BEGIN RESOLVE GLOBAL DEPENDENCIES ...... ./excludeMergeB.js,$,widget,./a.js,./b.js,./c.js
cache ----------------> gallery/jquery/1.7.2/jquery
cache ----------------> arale/widget/1.0.2/widget
RESOLVE DEPENDENCIES "excludeMergeB.js":  ./a.js, ./b.js, ./c.js, gallery/jquery/1.7.2/jquery, arale/widget/1.0.2/widget, arale/base/1.0.1/base, arale/class/1.0.0/class, arale/events/1.0.0/events
PROCESSING MODULE js/a.js
GENERATE ID    outputTest/0.0.1/js/a
FOUND DEPENDENCIES "js/a.js":  []
BEGIN RESOLVE GLOBAL DEPENDENCIES ...... ./a.js
RESOLVE DEPENDENCIES "js/a.js":  
PROCESSING MODULE js/b.js
GENERATE ID    outputTest/0.0.1/js/b
FOUND DEPENDENCIES "js/b.js":  []
BEGIN RESOLVE GLOBAL DEPENDENCIES ...... ./b.js
RESOLVE DEPENDENCIES "js/b.js":  
PROCESSING MODULE js/c.js
GENERATE ID    outputTest/0.0.1/js/c
FOUND DEPENDENCIES "js/c.js":  []
BEGIN RESOLVE GLOBAL DEPENDENCIES ...... ./c.js
RESOLVE DEPENDENCIES "js/c.js":  
PROCESSING MODULE localMerge.js
GENERATE ID    outputTest/0.0.1/localMerge
FOUND DEPENDENCIES "localMerge.js":  [ '$', 'widget', './a.js', './b.js', './c.js' ]
FOUND DEPENDENCIES "./a.js":  []
resolved------> ./a.js [ './localMerge.js', '$', 'widget', './a.js' ] ./a.js ./a.js
FOUND DEPENDENCIES "./b.js":  []
resolved------> ./b.js [ './localMerge.js', '$', 'widget', './a.js', './a.js', './b.js' ] ./b.js ./b.js
FOUND DEPENDENCIES "./c.js":  []
resolved------> ./c.js [ './localMerge.js',
  '$',
  'widget',
  './a.js',
  './a.js',
  './b.js',
  './b.js',
  './c.js' ] ./c.js ./c.js
BEGIN RESOLVE GLOBAL DEPENDENCIES ...... ./localMerge.js,$,widget,./a.js,./b.js,./c.js
cache ----------------> gallery/jquery/1.7.2/jquery
cache ----------------> arale/widget/1.0.2/widget
RESOLVE DEPENDENCIES "localMerge.js":  ./a.js, ./b.js, ./c.js, gallery/jquery/1.7.2/jquery, arale/widget/1.0.2/widget, arale/base/1.0.1/base, arale/class/1.0.0/class, arale/events/1.0.0/events
PROCESSING MODULE plugins/p1.js
GENERATE ID    outputTest/0.0.1/plugins/p1
FOUND DEPENDENCIES "plugins/p1.js":  []
BEGIN RESOLVE GLOBAL DEPENDENCIES ...... ./p1.js
RESOLVE DEPENDENCIES "plugins/p1.js":  
PROCESSING MODULE plugins/p2.js
GENERATE ID    outputTest/0.0.1/plugins/p2
FOUND DEPENDENCIES "plugins/p2.js":  []
BEGIN RESOLVE GLOBAL DEPENDENCIES ...... ./p2.js
RESOLVE DEPENDENCIES "plugins/p2.js":  
SPM PLUGIN DEPENDENCIES EXECUTION SUCCESSFULLY!
--- SPM PLUGIN DEPCHECK ---
SPM PLUGIN DEPCHECK EXECUTION SUCCESSFULLY!
--- SPM PLUGIN TPL ---
SPM PLUGIN TPL EXECUTION SUCCESSFULLY!
--- SPM PLUGIN CSS ---
SPM PLUGIN CSS EXECUTION SUCCESSFULLY!
--- SPM PLUGIN OUTPUT ---
[ './a.js', './b.js', './c.js', './excludeMergeA.js' ]
---- ./a.js -1 -1
---- ./b.js -1 -1
---- ./c.js -1 -1
---- ./excludeMergeA.js -1 -1
filted includes: [ './a.js', './b.js', './c.js', './excludeMergeA.js' ]
[ './a.js',
  './b.js',
  './c.js',
  'gallery/jquery/1.7.2/jquery',
  'arale/widget/1.0.2/widget',
  'arale/base/1.0.1/base',
  'arale/class/1.0.0/class',
  'arale/events/1.0.0/events',
  './excludeMergeB.js' ]
---- ./a.js -1 -1
---- ./b.js -1 -1
---- ./c.js -1 -1
---- gallery/jquery/1.7.2/jquery -1 -1
---- arale/widget/1.0.2/widget -1 -1
---- arale/base/1.0.1/base -1 -1
---- arale/class/1.0.0/class -1 -1
---- arale/events/1.0.0/events -1 -1
---- ./excludeMergeB.js -1 -1
filted includes: [ './a.js',
  './b.js',
  './c.js',
  'gallery/jquery/1.7.2/jquery',
  'arale/widget/1.0.2/widget',
  'arale/base/1.0.1/base',
  'arale/class/1.0.0/class',
  'arale/events/1.0.0/events',
  './excludeMergeB.js' ]
---- ./a.js -1
---- ./b.js -1
---- ./a.js -1
---- ./b.js -1
---- ./c.js -1
---- ./plugins/p1.js -1
---- ./plugins/p2.js -1
---- ./allMerge.js -1
---- ./c.js -1
---- ./js/a.js -1
---- ./js/b.js -1
---- ./js/c.js -1
---- ./a.js -1
---- ./b.js -1
---- ./c.js -1
---- ./plugins/p1.js -1
---- ./plugins/p2.js -1
---- gallery/jquery/1.7.2/jquery -1
---- arale/widget/1.0.2/widget -1
---- arale/base/1.0.1/base -1
---- arale/class/1.0.0/class -1
---- arale/events/1.0.0/events -1
---- ./allMerge.js -1
fetch module gallery/jquery/1.7.2/jquery-debug
find requestUrl---> /Users/kanghui/.spm/sources/127.0.0.1-8000/gallery/jquery/1.7.2/jquery-debug.js
fetch module gallery/jquery/1.7.2/jquery
find requestUrl---> /Users/kanghui/.spm/sources/127.0.0.1-8000/gallery/jquery/1.7.2/jquery.js
fetch module arale/widget/1.0.2/widget-debug
find requestUrl---> /Users/kanghui/.spm/sources/127.0.0.1-8000/arale/widget/1.0.2/widget-debug.js
fetch module arale/widget/1.0.2/widget
find requestUrl---> /Users/kanghui/.spm/sources/127.0.0.1-8000/arale/widget/1.0.2/widget.js
fetch module arale/base/1.0.1/base-debug
find requestUrl---> /Users/kanghui/.spm/sources/127.0.0.1-8000/arale/base/1.0.1/base-debug.js
fetch module arale/base/1.0.1/base
find requestUrl---> /Users/kanghui/.spm/sources/127.0.0.1-8000/arale/base/1.0.1/base.js
fetch module arale/class/1.0.0/class-debug
find requestUrl---> /Users/kanghui/.spm/sources/127.0.0.1-8000/arale/class/1.0.0/class-debug.js
fetch module arale/class/1.0.0/class
find requestUrl---> /Users/kanghui/.spm/sources/127.0.0.1-8000/arale/class/1.0.0/class.js
fetch module arale/events/1.0.0/events-debug
find requestUrl---> /Users/kanghui/.spm/sources/127.0.0.1-8000/arale/events/1.0.0/events-debug.js
fetch module arale/events/1.0.0/events
find requestUrl---> /Users/kanghui/.spm/sources/127.0.0.1-8000/arale/events/1.0.0/events.js
---- ./a.js -1
---- ./b.js -1
---- ./c.js -1
---- ./localMerge.js -1
---- ./a.js -1
---- ./b.js -1
---- ./c.js -1
---- ./plugins/p1.js -1
---- ./plugins/p2.js -1
---- gallery/jquery/1.7.2/jquery -1
---- arale/widget/1.0.2/widget -1
---- arale/base/1.0.1/base -1
---- arale/class/1.0.0/class -1
---- arale/events/1.0.0/events -1
---- ./allMerge.js -1
fetch module gallery/jquery/1.7.2/jquery-debug
find requestUrl---> /Users/kanghui/.spm/sources/127.0.0.1-8000/gallery/jquery/1.7.2/jquery-debug.js
fetch module gallery/jquery/1.7.2/jquery
find requestUrl---> /Users/kanghui/.spm/sources/127.0.0.1-8000/gallery/jquery/1.7.2/jquery.js
fetch module arale/widget/1.0.2/widget-debug
find requestUrl---> /Users/kanghui/.spm/sources/127.0.0.1-8000/arale/widget/1.0.2/widget-debug.js
fetch module arale/widget/1.0.2/widget
find requestUrl---> /Users/kanghui/.spm/sources/127.0.0.1-8000/arale/widget/1.0.2/widget.js
fetch module arale/base/1.0.1/base-debug
find requestUrl---> /Users/kanghui/.spm/sources/127.0.0.1-8000/arale/base/1.0.1/base-debug.js
fetch module arale/base/1.0.1/base
find requestUrl---> /Users/kanghui/.spm/sources/127.0.0.1-8000/arale/base/1.0.1/base.js
fetch module arale/class/1.0.0/class-debug
find requestUrl---> /Users/kanghui/.spm/sources/127.0.0.1-8000/arale/class/1.0.0/class-debug.js
fetch module arale/class/1.0.0/class
find requestUrl---> /Users/kanghui/.spm/sources/127.0.0.1-8000/arale/class/1.0.0/class.js
fetch module arale/events/1.0.0/events-debug
find requestUrl---> /Users/kanghui/.spm/sources/127.0.0.1-8000/arale/events/1.0.0/events-debug.js
fetch module arale/events/1.0.0/events
find requestUrl---> /Users/kanghui/.spm/sources/127.0.0.1-8000/arale/events/1.0.0/events.js
---- ./arrayMerge.js -1
---- ./a.js -1
---- ./b.js -1
---- ./c.js -1
---- ./a.js -1
---- ./b.js -1
---- ./c.js -1
---- ./excludeMergeA.js -1
---- ./a.js -1
---- ./b.js -1
---- ./c.js -1
---- gallery/jquery/1.7.2/jquery -1
---- arale/widget/1.0.2/widget -1
---- arale/base/1.0.1/base -1
---- arale/class/1.0.0/class -1
---- arale/events/1.0.0/events -1
---- ./excludeMergeB.js -1
fetch module gallery/jquery/1.7.2/jquery-debug
find requestUrl---> /Users/kanghui/.spm/sources/127.0.0.1-8000/gallery/jquery/1.7.2/jquery-debug.js
fetch module gallery/jquery/1.7.2/jquery
find requestUrl---> /Users/kanghui/.spm/sources/127.0.0.1-8000/gallery/jquery/1.7.2/jquery.js
fetch module arale/widget/1.0.2/widget-debug
find requestUrl---> /Users/kanghui/.spm/sources/127.0.0.1-8000/arale/widget/1.0.2/widget-debug.js
fetch module arale/widget/1.0.2/widget
find requestUrl---> /Users/kanghui/.spm/sources/127.0.0.1-8000/arale/widget/1.0.2/widget.js
fetch module arale/base/1.0.1/base-debug
find requestUrl---> /Users/kanghui/.spm/sources/127.0.0.1-8000/arale/base/1.0.1/base-debug.js
fetch module arale/base/1.0.1/base
find requestUrl---> /Users/kanghui/.spm/sources/127.0.0.1-8000/arale/base/1.0.1/base.js
fetch module arale/class/1.0.0/class-debug
find requestUrl---> /Users/kanghui/.spm/sources/127.0.0.1-8000/arale/class/1.0.0/class-debug.js
fetch module arale/class/1.0.0/class
find requestUrl---> /Users/kanghui/.spm/sources/127.0.0.1-8000/arale/class/1.0.0/class.js
fetch module arale/events/1.0.0/events-debug
find requestUrl---> /Users/kanghui/.spm/sources/127.0.0.1-8000/arale/events/1.0.0/events-debug.js
fetch module arale/events/1.0.0/events
find requestUrl---> /Users/kanghui/.spm/sources/127.0.0.1-8000/arale/events/1.0.0/events.js
---- ./plugins/p1.js -1
---- ./plugins/p2.js -1
SPM PLUGIN OUTPUT EXECUTION SUCCESSFULLY!
--- SPM PLUGIN MIN ---
SPM PLUGIN MIN EXECUTION SUCCESSFULLY!
--- SPM PLUGIN INSTALL ---
SPM PLUGIN INSTALL EXECUTION SUCCESSFULLY!
--- SPM PLUGIN ZIP ---
SPM PLUGIN ZIP EXECUTION SUCCESSFULLY!
--- SPM PLUGIN CLEAN ---
SPM PLUGIN CLEAN EXECUTION SUCCESSFULLY!
------------------------------------------------------------------------
BUILD SUCCESS!
------------------------------------------------------------------------
․Scanning for projects...

------------------------------------------------------------------------
Building outputTest 0.0.1
------------------------------------------------------------------------
--- SPM PLUGIN CLEAN ---
SPM PLUGIN CLEAN EXECUTION SUCCESSFULLY!
--- SPM PLUGIN RESOURCES ---
SPM PLUGIN RESOURCES EXECUTION SUCCESSFULLY!
--- SPM PLUGIN COFFEE ---
SPM PLUGIN COFFEE EXECUTION SUCCESSFULLY!
--- SPM PLUGIN LESS ---
SPM PLUGIN LESS EXECUTION SUCCESSFULLY!
--- SPM PLUGIN LINT ---
SPM PLUGIN LINT EXECUTION SUCCESSFULLY!
--- SPM PLUGIN LOADSOURCECONFIG ---
Downloading: http://127.0.0.1:8000/config.json
Downloaded: http://127.0.0.1:8000/config.json
SPM PLUGIN LOADSOURCECONFIG EXECUTION SUCCESSFULLY!
--- SPM PLUGIN DEPENDENCIES ---
PROCESSING MODULE a.js
GENERATE ID    outputTest/0.0.1/a
FOUND DEPENDENCIES "a.js":  []
BEGIN RESOLVE GLOBAL DEPENDENCIES ...... ./a.js
RESOLVE DEPENDENCIES "a.js":  
PROCESSING MODULE allMerge.js
GENERATE ID    outputTest/0.0.1/allMerge
FOUND DEPENDENCIES "allMerge.js":  [ '$',
  'widget',
  './a',
  './b',
  './c',
  './plugins/p1',
  './plugins/p2' ]
FOUND DEPENDENCIES "./a":  []
resolved------> ./a [ './allMerge.js', '$', 'widget', './a' ] ./a ./a
FOUND DEPENDENCIES "./b":  []
resolved------> ./b [ './allMerge.js', '$', 'widget', './a', './a', './b' ] ./b ./b
FOUND DEPENDENCIES "./c":  []
resolved------> ./c [ './allMerge.js', '$', 'widget', './a', './a', './b', './b', './c' ] ./c ./c
FOUND DEPENDENCIES "./plugins/p1":  []
resolved------> ./plugins/p1 [ './allMerge.js',
  '$',
  'widget',
  './a',
  './a',
  './b',
  './b',
  './c',
  './c',
  './plugins/p1' ] ./plugins/p1 ./plugins/p1
FOUND DEPENDENCIES "./plugins/p2":  []
resolved------> ./plugins/p2 [ './allMerge.js',
  '$',
  'widget',
  './a',
  './a',
  './b',
  './b',
  './c',
  './c',
  './plugins/p1',
  './plugins/p1',
  './plugins/p2' ] ./plugins/p2 ./plugins/p2
BEGIN RESOLVE GLOBAL DEPENDENCIES ...... ./allMerge.js,$,widget,./a,./b,./c,./plugins/p1,./plugins/p2
from source getModule: gallery/jquery/1.7.2/jquery
fetch module gallery/jquery/1.7.2/jquery
find requestUrl---> /Users/kanghui/.spm/sources/127.0.0.1-8000/gallery/jquery/1.7.2/jquery.js
mergeModules------> [ 'gallery/jquery/1.7.2/jquery', 'jquery' ]
from source getModule: arale/widget/1.0.2/widget
fetch module arale/widget/1.0.2/widget
find requestUrl---> /Users/kanghui/.spm/sources/127.0.0.1-8000/arale/widget/1.0.2/widget.js
mergeModules------> [ 'arale/widget/1.0.2/daparser',
  'arale/widget/1.0.2/auto-render',
  'arale/widget/1.0.2/widget' ]
RESOLVE DEPENDENCIES "allMerge.js":  ./a, ./b, ./c, ./plugins/p1, ./plugins/p2, gallery/jquery/1.7.2/jquery, arale/widget/1.0.2/widget, arale/base/1.0.1/base, arale/class/1.0.0/class, arale/events/1.0.0/events
PROCESSING MODULE arrayMerge.js
GENERATE ID    outputTest/0.0.1/arrayMerge
FOUND DEPENDENCIES "arrayMerge.js":  [ '$', 'widget', './a.js', './b.js', './c.js' ]
FOUND DEPENDENCIES "./a.js":  []
resolved------> ./a.js [ './arrayMerge.js', '$', 'widget', './a.js' ] ./a.js ./a.js
FOUND DEPENDENCIES "./b.js":  []
resolved------> ./b.js [ './arrayMerge.js', '$', 'widget', './a.js', './a.js', './b.js' ] ./b.js ./b.js
FOUND DEPENDENCIES "./c.js":  []
resolved------> ./c.js [ './arrayMerge.js',
  '$',
  'widget',
  './a.js',
  './a.js',
  './b.js',
  './b.js',
  './c.js' ] ./c.js ./c.js
BEGIN RESOLVE GLOBAL DEPENDENCIES ...... ./arrayMerge.js,$,widget,./a.js,./b.js,./c.js
cache ----------------> gallery/jquery/1.7.2/jquery
cache ----------------> arale/widget/1.0.2/widget
RESOLVE DEPENDENCIES "arrayMerge.js":  ./a.js, ./b.js, ./c.js, gallery/jquery/1.7.2/jquery, arale/widget/1.0.2/widget, arale/base/1.0.1/base, arale/class/1.0.0/class, arale/events/1.0.0/events
PROCESSING MODULE b.js
GENERATE ID    outputTest/0.0.1/b
FOUND DEPENDENCIES "b.js":  []
BEGIN RESOLVE GLOBAL DEPENDENCIES ...... ./b.js
RESOLVE DEPENDENCIES "b.js":  
PROCESSING MODULE c.js
GENERATE ID    outputTest/0.0.1/c
FOUND DEPENDENCIES "c.js":  []
BEGIN RESOLVE GLOBAL DEPENDENCIES ...... ./c.js
RESOLVE DEPENDENCIES "c.js":  
PROCESSING MODULE excludeMergeA.js
GENERATE ID    outputTest/0.0.1/excludeMergeA
FOUND DEPENDENCIES "excludeMergeA.js":  [ '$', 'widget', './a.js', './b.js', './c.js' ]
FOUND DEPENDENCIES "./a.js":  []
resolved------> ./a.js [ './excludeMergeA.js', '$', 'widget', './a.js' ] ./a.js ./a.js
FOUND DEPENDENCIES "./b.js":  []
resolved------> ./b.js [ './excludeMergeA.js',
  '$',
  'widget',
  './a.js',
  './a.js',
  './b.js' ] ./b.js ./b.js
FOUND DEPENDENCIES "./c.js":  []
resolved------> ./c.js [ './excludeMergeA.js',
  '$',
  'widget',
  './a.js',
  './a.js',
  './b.js',
  './b.js',
  './c.js' ] ./c.js ./c.js
BEGIN RESOLVE GLOBAL DEPENDENCIES ...... ./excludeMergeA.js,$,widget,./a.js,./b.js,./c.js
cache ----------------> gallery/jquery/1.7.2/jquery
cache ----------------> arale/widget/1.0.2/widget
RESOLVE DEPENDENCIES "excludeMergeA.js":  ./a.js, ./b.js, ./c.js, gallery/jquery/1.7.2/jquery, arale/widget/1.0.2/widget, arale/base/1.0.1/base, arale/class/1.0.0/class, arale/events/1.0.0/events
PROCESSING MODULE excludeMergeB.js
GENERATE ID    outputTest/0.0.1/excludeMergeB
FOUND DEPENDENCIES "excludeMergeB.js":  [ '$', 'widget', './a.js', './b.js', './c.js' ]
FOUND DEPENDENCIES "./a.js":  []
resolved------> ./a.js [ './excludeMergeB.js', '$', 'widget', './a.js' ] ./a.js ./a.js
FOUND DEPENDENCIES "./b.js":  []
resolved------> ./b.js [ './excludeMergeB.js',
  '$',
  'widget',
  './a.js',
  './a.js',
  './b.js' ] ./b.js ./b.js
FOUND DEPENDENCIES "./c.js":  []
resolved------> ./c.js [ './excludeMergeB.js',
  '$',
  'widget',
  './a.js',
  './a.js',
  './b.js',
  './b.js',
  './c.js' ] ./c.js ./c.js
BEGIN RESOLVE GLOBAL DEPENDENCIES ...... ./excludeMergeB.js,$,widget,./a.js,./b.js,./c.js
cache ----------------> gallery/jquery/1.7.2/jquery
cache ----------------> arale/widget/1.0.2/widget
RESOLVE DEPENDENCIES "excludeMergeB.js":  ./a.js, ./b.js, ./c.js, gallery/jquery/1.7.2/jquery, arale/widget/1.0.2/widget, arale/base/1.0.1/base, arale/class/1.0.0/class, arale/events/1.0.0/events
PROCESSING MODULE js/a.js
GENERATE ID    outputTest/0.0.1/js/a
FOUND DEPENDENCIES "js/a.js":  []
BEGIN RESOLVE GLOBAL DEPENDENCIES ...... ./a.js
RESOLVE DEPENDENCIES "js/a.js":  
PROCESSING MODULE js/b.js
GENERATE ID    outputTest/0.0.1/js/b
FOUND DEPENDENCIES "js/b.js":  []
BEGIN RESOLVE GLOBAL DEPENDENCIES ...... ./b.js
RESOLVE DEPENDENCIES "js/b.js":  
PROCESSING MODULE js/c.js
GENERATE ID    outputTest/0.0.1/js/c
FOUND DEPENDENCIES "js/c.js":  []
BEGIN RESOLVE GLOBAL DEPENDENCIES ...... ./c.js
RESOLVE DEPENDENCIES "js/c.js":  
PROCESSING MODULE localMerge.js
GENERATE ID    outputTest/0.0.1/localMerge
FOUND DEPENDENCIES "localMerge.js":  [ '$', 'widget', './a.js', './b.js', './c.js' ]
FOUND DEPENDENCIES "./a.js":  []
resolved------> ./a.js [ './localMerge.js', '$', 'widget', './a.js' ] ./a.js ./a.js
FOUND DEPENDENCIES "./b.js":  []
resolved------> ./b.js [ './localMerge.js', '$', 'widget', './a.js', './a.js', './b.js' ] ./b.js ./b.js
FOUND DEPENDENCIES "./c.js":  []
resolved------> ./c.js [ './localMerge.js',
  '$',
  'widget',
  './a.js',
  './a.js',
  './b.js',
  './b.js',
  './c.js' ] ./c.js ./c.js
BEGIN RESOLVE GLOBAL DEPENDENCIES ...... ./localMerge.js,$,widget,./a.js,./b.js,./c.js
cache ----------------> gallery/jquery/1.7.2/jquery
cache ----------------> arale/widget/1.0.2/widget
RESOLVE DEPENDENCIES "localMerge.js":  ./a.js, ./b.js, ./c.js, gallery/jquery/1.7.2/jquery, arale/widget/1.0.2/widget, arale/base/1.0.1/base, arale/class/1.0.0/class, arale/events/1.0.0/events
PROCESSING MODULE plugins/p1.js
GENERATE ID    outputTest/0.0.1/plugins/p1
FOUND DEPENDENCIES "plugins/p1.js":  []
BEGIN RESOLVE GLOBAL DEPENDENCIES ...... ./p1.js
RESOLVE DEPENDENCIES "plugins/p1.js":  
PROCESSING MODULE plugins/p2.js
GENERATE ID    outputTest/0.0.1/plugins/p2
FOUND DEPENDENCIES "plugins/p2.js":  []
BEGIN RESOLVE GLOBAL DEPENDENCIES ...... ./p2.js
RESOLVE DEPENDENCIES "plugins/p2.js":  
SPM PLUGIN DEPENDENCIES EXECUTION SUCCESSFULLY!
--- SPM PLUGIN DEPCHECK ---
SPM PLUGIN DEPCHECK EXECUTION SUCCESSFULLY!
--- SPM PLUGIN TPL ---
SPM PLUGIN TPL EXECUTION SUCCESSFULLY!
--- SPM PLUGIN CSS ---
SPM PLUGIN CSS EXECUTION SUCCESSFULLY!
--- SPM PLUGIN OUTPUT ---
[ './a.js', './b.js', './c.js', './excludeMergeA.js' ]
---- ./a.js -1 -1
---- ./b.js -1 -1
---- ./c.js -1 -1
---- ./excludeMergeA.js -1 -1
filted includes: [ './a.js', './b.js', './c.js', './excludeMergeA.js' ]
[ './a.js',
  './b.js',
  './c.js',
  'gallery/jquery/1.7.2/jquery',
  'arale/widget/1.0.2/widget',
  'arale/base/1.0.1/base',
  'arale/class/1.0.0/class',
  'arale/events/1.0.0/events',
  './excludeMergeB.js' ]
---- ./a.js -1 -1
---- ./b.js -1 -1
---- ./c.js -1 -1
---- gallery/jquery/1.7.2/jquery -1 -1
---- arale/widget/1.0.2/widget -1 -1
---- arale/base/1.0.1/base -1 -1
---- arale/class/1.0.0/class -1 -1
---- arale/events/1.0.0/events -1 -1
---- ./excludeMergeB.js -1 -1
filted includes: [ './a.js',
  './b.js',
  './c.js',
  'gallery/jquery/1.7.2/jquery',
  'arale/widget/1.0.2/widget',
  'arale/base/1.0.1/base',
  'arale/class/1.0.0/class',
  'arale/events/1.0.0/events',
  './excludeMergeB.js' ]
---- ./a.js -1
---- ./b.js -1
---- ./a.js -1
---- ./b.js -1
---- ./c.js -1
---- ./plugins/p1.js -1
---- ./plugins/p2.js -1
---- ./allMerge.js -1
---- ./c.js -1
---- ./js/a.js -1
---- ./js/b.js -1
---- ./js/c.js -1
---- ./a.js -1
---- ./b.js -1
---- ./c.js -1
---- ./plugins/p1.js -1
---- ./plugins/p2.js -1
---- gallery/jquery/1.7.2/jquery -1
---- arale/widget/1.0.2/widget -1
---- arale/base/1.0.1/base -1
---- arale/class/1.0.0/class -1
---- arale/events/1.0.0/events -1
---- ./allMerge.js -1
fetch module gallery/jquery/1.7.2/jquery-debug
find requestUrl---> /Users/kanghui/.spm/sources/127.0.0.1-8000/gallery/jquery/1.7.2/jquery-debug.js
fetch module gallery/jquery/1.7.2/jquery
find requestUrl---> /Users/kanghui/.spm/sources/127.0.0.1-8000/gallery/jquery/1.7.2/jquery.js
fetch module arale/widget/1.0.2/widget-debug
find requestUrl---> /Users/kanghui/.spm/sources/127.0.0.1-8000/arale/widget/1.0.2/widget-debug.js
fetch module arale/widget/1.0.2/widget
find requestUrl---> /Users/kanghui/.spm/sources/127.0.0.1-8000/arale/widget/1.0.2/widget.js
fetch module arale/base/1.0.1/base-debug
find requestUrl---> /Users/kanghui/.spm/sources/127.0.0.1-8000/arale/base/1.0.1/base-debug.js
fetch module arale/base/1.0.1/base
find requestUrl---> /Users/kanghui/.spm/sources/127.0.0.1-8000/arale/base/1.0.1/base.js
fetch module arale/class/1.0.0/class-debug
find requestUrl---> /Users/kanghui/.spm/sources/127.0.0.1-8000/arale/class/1.0.0/class-debug.js
fetch module arale/class/1.0.0/class
find requestUrl---> /Users/kanghui/.spm/sources/127.0.0.1-8000/arale/class/1.0.0/class.js
fetch module arale/events/1.0.0/events-debug
find requestUrl---> /Users/kanghui/.spm/sources/127.0.0.1-8000/arale/events/1.0.0/events-debug.js
fetch module arale/events/1.0.0/events
find requestUrl---> /Users/kanghui/.spm/sources/127.0.0.1-8000/arale/events/1.0.0/events.js
---- ./a.js -1
---- ./b.js -1
---- ./c.js -1
---- ./localMerge.js -1
---- ./a.js -1
---- ./b.js -1
---- ./c.js -1
---- ./plugins/p1.js -1
---- ./plugins/p2.js -1
---- gallery/jquery/1.7.2/jquery -1
---- arale/widget/1.0.2/widget -1
---- arale/base/1.0.1/base -1
---- arale/class/1.0.0/class -1
---- arale/events/1.0.0/events -1
---- ./allMerge.js -1
fetch module gallery/jquery/1.7.2/jquery-debug
find requestUrl---> /Users/kanghui/.spm/sources/127.0.0.1-8000/gallery/jquery/1.7.2/jquery-debug.js
fetch module gallery/jquery/1.7.2/jquery
find requestUrl---> /Users/kanghui/.spm/sources/127.0.0.1-8000/gallery/jquery/1.7.2/jquery.js
fetch module arale/widget/1.0.2/widget-debug
find requestUrl---> /Users/kanghui/.spm/sources/127.0.0.1-8000/arale/widget/1.0.2/widget-debug.js
fetch module arale/widget/1.0.2/widget
find requestUrl---> /Users/kanghui/.spm/sources/127.0.0.1-8000/arale/widget/1.0.2/widget.js
fetch module arale/base/1.0.1/base-debug
find requestUrl---> /Users/kanghui/.spm/sources/127.0.0.1-8000/arale/base/1.0.1/base-debug.js
fetch module arale/base/1.0.1/base
find requestUrl---> /Users/kanghui/.spm/sources/127.0.0.1-8000/arale/base/1.0.1/base.js
fetch module arale/class/1.0.0/class-debug
find requestUrl---> /Users/kanghui/.spm/sources/127.0.0.1-8000/arale/class/1.0.0/class-debug.js
fetch module arale/class/1.0.0/class
find requestUrl---> /Users/kanghui/.spm/sources/127.0.0.1-8000/arale/class/1.0.0/class.js
fetch module arale/events/1.0.0/events-debug
find requestUrl---> /Users/kanghui/.spm/sources/127.0.0.1-8000/arale/events/1.0.0/events-debug.js
fetch module arale/events/1.0.0/events
find requestUrl---> /Users/kanghui/.spm/sources/127.0.0.1-8000/arale/events/1.0.0/events.js
---- ./arrayMerge.js -1
---- ./a.js -1
---- ./b.js -1
---- ./c.js -1
---- ./a.js -1
---- ./b.js -1
---- ./c.js -1
---- ./excludeMergeA.js -1
---- ./a.js -1
---- ./b.js -1
---- ./c.js -1
---- gallery/jquery/1.7.2/jquery -1
---- arale/widget/1.0.2/widget -1
---- arale/base/1.0.1/base -1
---- arale/class/1.0.0/class -1
---- arale/events/1.0.0/events -1
---- ./excludeMergeB.js -1
fetch module gallery/jquery/1.7.2/jquery-debug
find requestUrl---> /Users/kanghui/.spm/sources/127.0.0.1-8000/gallery/jquery/1.7.2/jquery-debug.js
fetch module gallery/jquery/1.7.2/jquery
find requestUrl---> /Users/kanghui/.spm/sources/127.0.0.1-8000/gallery/jquery/1.7.2/jquery.js
fetch module arale/widget/1.0.2/widget-debug
find requestUrl---> /Users/kanghui/.spm/sources/127.0.0.1-8000/arale/widget/1.0.2/widget-debug.js
fetch module arale/widget/1.0.2/widget
find requestUrl---> /Users/kanghui/.spm/sources/127.0.0.1-8000/arale/widget/1.0.2/widget.js
fetch module arale/base/1.0.1/base-debug
find requestUrl---> /Users/kanghui/.spm/sources/127.0.0.1-8000/arale/base/1.0.1/base-debug.js
fetch module arale/base/1.0.1/base
find requestUrl---> /Users/kanghui/.spm/sources/127.0.0.1-8000/arale/base/1.0.1/base.js
fetch module arale/class/1.0.0/class-debug
find requestUrl---> /Users/kanghui/.spm/sources/127.0.0.1-8000/arale/class/1.0.0/class-debug.js
fetch module arale/class/1.0.0/class
find requestUrl---> /Users/kanghui/.spm/sources/127.0.0.1-8000/arale/class/1.0.0/class.js
fetch module arale/events/1.0.0/events-debug
find requestUrl---> /Users/kanghui/.spm/sources/127.0.0.1-8000/arale/events/1.0.0/events-debug.js
fetch module arale/events/1.0.0/events
find requestUrl---> /Users/kanghui/.spm/sources/127.0.0.1-8000/arale/events/1.0.0/events.js
---- ./plugins/p1.js -1
---- ./plugins/p2.js -1
SPM PLUGIN OUTPUT EXECUTION SUCCESSFULLY!
--- SPM PLUGIN MIN ---
SPM PLUGIN MIN EXECUTION SUCCESSFULLY!
--- SPM PLUGIN INSTALL ---
SPM PLUGIN INSTALL EXECUTION SUCCESSFULLY!
--- SPM PLUGIN ZIP ---
SPM PLUGIN ZIP EXECUTION SUCCESSFULLY!
--- SPM PLUGIN CLEAN ---
SPM PLUGIN CLEAN EXECUTION SUCCESSFULLY!
------------------------------------------------------------------------
BUILD SUCCESS!
------------------------------------------------------------------------
․Scanning for projects...

------------------------------------------------------------------------
Building outputTest 0.0.1
------------------------------------------------------------------------
--- SPM PLUGIN CLEAN ---
SPM PLUGIN CLEAN EXECUTION SUCCESSFULLY!
--- SPM PLUGIN RESOURCES ---
SPM PLUGIN RESOURCES EXECUTION SUCCESSFULLY!
--- SPM PLUGIN COFFEE ---
SPM PLUGIN COFFEE EXECUTION SUCCESSFULLY!
--- SPM PLUGIN LESS ---
SPM PLUGIN LESS EXECUTION SUCCESSFULLY!
--- SPM PLUGIN LINT ---
SPM PLUGIN LINT EXECUTION SUCCESSFULLY!
--- SPM PLUGIN LOADSOURCECONFIG ---
Downloading: http://127.0.0.1:8000/config.json
Downloaded: http://127.0.0.1:8000/config.json
SPM PLUGIN LOADSOURCECONFIG EXECUTION SUCCESSFULLY!
--- SPM PLUGIN DEPENDENCIES ---
PROCESSING MODULE a.js
GENERATE ID    outputTest/0.0.1/a
FOUND DEPENDENCIES "a.js":  []
BEGIN RESOLVE GLOBAL DEPENDENCIES ...... ./a.js
RESOLVE DEPENDENCIES "a.js":  
PROCESSING MODULE allMerge.js
GENERATE ID    outputTest/0.0.1/allMerge
FOUND DEPENDENCIES "allMerge.js":  [ '$',
  'widget',
  './a',
  './b',
  './c',
  './plugins/p1',
  './plugins/p2' ]
FOUND DEPENDENCIES "./a":  []
resolved------> ./a [ './allMerge.js', '$', 'widget', './a' ] ./a ./a
FOUND DEPENDENCIES "./b":  []
resolved------> ./b [ './allMerge.js', '$', 'widget', './a', './a', './b' ] ./b ./b
FOUND DEPENDENCIES "./c":  []
resolved------> ./c [ './allMerge.js', '$', 'widget', './a', './a', './b', './b', './c' ] ./c ./c
FOUND DEPENDENCIES "./plugins/p1":  []
resolved------> ./plugins/p1 [ './allMerge.js',
  '$',
  'widget',
  './a',
  './a',
  './b',
  './b',
  './c',
  './c',
  './plugins/p1' ] ./plugins/p1 ./plugins/p1
FOUND DEPENDENCIES "./plugins/p2":  []
resolved------> ./plugins/p2 [ './allMerge.js',
  '$',
  'widget',
  './a',
  './a',
  './b',
  './b',
  './c',
  './c',
  './plugins/p1',
  './plugins/p1',
  './plugins/p2' ] ./plugins/p2 ./plugins/p2
BEGIN RESOLVE GLOBAL DEPENDENCIES ...... ./allMerge.js,$,widget,./a,./b,./c,./plugins/p1,./plugins/p2
from source getModule: gallery/jquery/1.7.2/jquery
fetch module gallery/jquery/1.7.2/jquery
find requestUrl---> /Users/kanghui/.spm/sources/127.0.0.1-8000/gallery/jquery/1.7.2/jquery.js
mergeModules------> [ 'gallery/jquery/1.7.2/jquery', 'jquery' ]
from source getModule: arale/widget/1.0.2/widget
fetch module arale/widget/1.0.2/widget
find requestUrl---> /Users/kanghui/.spm/sources/127.0.0.1-8000/arale/widget/1.0.2/widget.js
mergeModules------> [ 'arale/widget/1.0.2/daparser',
  'arale/widget/1.0.2/auto-render',
  'arale/widget/1.0.2/widget' ]
RESOLVE DEPENDENCIES "allMerge.js":  ./a, ./b, ./c, ./plugins/p1, ./plugins/p2, gallery/jquery/1.7.2/jquery, arale/widget/1.0.2/widget, arale/base/1.0.1/base, arale/class/1.0.0/class, arale/events/1.0.0/events
PROCESSING MODULE arrayMerge.js
GENERATE ID    outputTest/0.0.1/arrayMerge
FOUND DEPENDENCIES "arrayMerge.js":  [ '$', 'widget', './a.js', './b.js', './c.js' ]
FOUND DEPENDENCIES "./a.js":  []
resolved------> ./a.js [ './arrayMerge.js', '$', 'widget', './a.js' ] ./a.js ./a.js
FOUND DEPENDENCIES "./b.js":  []
resolved------> ./b.js [ './arrayMerge.js', '$', 'widget', './a.js', './a.js', './b.js' ] ./b.js ./b.js
FOUND DEPENDENCIES "./c.js":  []
resolved------> ./c.js [ './arrayMerge.js',
  '$',
  'widget',
  './a.js',
  './a.js',
  './b.js',
  './b.js',
  './c.js' ] ./c.js ./c.js
BEGIN RESOLVE GLOBAL DEPENDENCIES ...... ./arrayMerge.js,$,widget,./a.js,./b.js,./c.js
cache ----------------> gallery/jquery/1.7.2/jquery
cache ----------------> arale/widget/1.0.2/widget
RESOLVE DEPENDENCIES "arrayMerge.js":  ./a.js, ./b.js, ./c.js, gallery/jquery/1.7.2/jquery, arale/widget/1.0.2/widget, arale/base/1.0.1/base, arale/class/1.0.0/class, arale/events/1.0.0/events
PROCESSING MODULE b.js
GENERATE ID    outputTest/0.0.1/b
FOUND DEPENDENCIES "b.js":  []
BEGIN RESOLVE GLOBAL DEPENDENCIES ...... ./b.js
RESOLVE DEPENDENCIES "b.js":  
PROCESSING MODULE c.js
GENERATE ID    outputTest/0.0.1/c
FOUND DEPENDENCIES "c.js":  []
BEGIN RESOLVE GLOBAL DEPENDENCIES ...... ./c.js
RESOLVE DEPENDENCIES "c.js":  
PROCESSING MODULE excludeMergeA.js
GENERATE ID    outputTest/0.0.1/excludeMergeA
FOUND DEPENDENCIES "excludeMergeA.js":  [ '$', 'widget', './a.js', './b.js', './c.js' ]
FOUND DEPENDENCIES "./a.js":  []
resolved------> ./a.js [ './excludeMergeA.js', '$', 'widget', './a.js' ] ./a.js ./a.js
FOUND DEPENDENCIES "./b.js":  []
resolved------> ./b.js [ './excludeMergeA.js',
  '$',
  'widget',
  './a.js',
  './a.js',
  './b.js' ] ./b.js ./b.js
FOUND DEPENDENCIES "./c.js":  []
resolved------> ./c.js [ './excludeMergeA.js',
  '$',
  'widget',
  './a.js',
  './a.js',
  './b.js',
  './b.js',
  './c.js' ] ./c.js ./c.js
BEGIN RESOLVE GLOBAL DEPENDENCIES ...... ./excludeMergeA.js,$,widget,./a.js,./b.js,./c.js
cache ----------------> gallery/jquery/1.7.2/jquery
cache ----------------> arale/widget/1.0.2/widget
RESOLVE DEPENDENCIES "excludeMergeA.js":  ./a.js, ./b.js, ./c.js, gallery/jquery/1.7.2/jquery, arale/widget/1.0.2/widget, arale/base/1.0.1/base, arale/class/1.0.0/class, arale/events/1.0.0/events
PROCESSING MODULE excludeMergeB.js
GENERATE ID    outputTest/0.0.1/excludeMergeB
FOUND DEPENDENCIES "excludeMergeB.js":  [ '$', 'widget', './a.js', './b.js', './c.js' ]
FOUND DEPENDENCIES "./a.js":  []
resolved------> ./a.js [ './excludeMergeB.js', '$', 'widget', './a.js' ] ./a.js ./a.js
FOUND DEPENDENCIES "./b.js":  []
resolved------> ./b.js [ './excludeMergeB.js',
  '$',
  'widget',
  './a.js',
  './a.js',
  './b.js' ] ./b.js ./b.js
FOUND DEPENDENCIES "./c.js":  []
resolved------> ./c.js [ './excludeMergeB.js',
  '$',
  'widget',
  './a.js',
  './a.js',
  './b.js',
  './b.js',
  './c.js' ] ./c.js ./c.js
BEGIN RESOLVE GLOBAL DEPENDENCIES ...... ./excludeMergeB.js,$,widget,./a.js,./b.js,./c.js
cache ----------------> gallery/jquery/1.7.2/jquery
cache ----------------> arale/widget/1.0.2/widget
RESOLVE DEPENDENCIES "excludeMergeB.js":  ./a.js, ./b.js, ./c.js, gallery/jquery/1.7.2/jquery, arale/widget/1.0.2/widget, arale/base/1.0.1/base, arale/class/1.0.0/class, arale/events/1.0.0/events
PROCESSING MODULE js/a.js
GENERATE ID    outputTest/0.0.1/js/a
FOUND DEPENDENCIES "js/a.js":  []
BEGIN RESOLVE GLOBAL DEPENDENCIES ...... ./a.js
RESOLVE DEPENDENCIES "js/a.js":  
PROCESSING MODULE js/b.js
GENERATE ID    outputTest/0.0.1/js/b
FOUND DEPENDENCIES "js/b.js":  []
BEGIN RESOLVE GLOBAL DEPENDENCIES ...... ./b.js
RESOLVE DEPENDENCIES "js/b.js":  
PROCESSING MODULE js/c.js
GENERATE ID    outputTest/0.0.1/js/c
FOUND DEPENDENCIES "js/c.js":  []
BEGIN RESOLVE GLOBAL DEPENDENCIES ...... ./c.js
RESOLVE DEPENDENCIES "js/c.js":  
PROCESSING MODULE localMerge.js
GENERATE ID    outputTest/0.0.1/localMerge
FOUND DEPENDENCIES "localMerge.js":  [ '$', 'widget', './a.js', './b.js', './c.js' ]
FOUND DEPENDENCIES "./a.js":  []
resolved------> ./a.js [ './localMerge.js', '$', 'widget', './a.js' ] ./a.js ./a.js
FOUND DEPENDENCIES "./b.js":  []
resolved------> ./b.js [ './localMerge.js', '$', 'widget', './a.js', './a.js', './b.js' ] ./b.js ./b.js
FOUND DEPENDENCIES "./c.js":  []
resolved------> ./c.js [ './localMerge.js',
  '$',
  'widget',
  './a.js',
  './a.js',
  './b.js',
  './b.js',
  './c.js' ] ./c.js ./c.js
BEGIN RESOLVE GLOBAL DEPENDENCIES ...... ./localMerge.js,$,widget,./a.js,./b.js,./c.js
cache ----------------> gallery/jquery/1.7.2/jquery
cache ----------------> arale/widget/1.0.2/widget
RESOLVE DEPENDENCIES "localMerge.js":  ./a.js, ./b.js, ./c.js, gallery/jquery/1.7.2/jquery, arale/widget/1.0.2/widget, arale/base/1.0.1/base, arale/class/1.0.0/class, arale/events/1.0.0/events
PROCESSING MODULE plugins/p1.js
GENERATE ID    outputTest/0.0.1/plugins/p1
FOUND DEPENDENCIES "plugins/p1.js":  []
BEGIN RESOLVE GLOBAL DEPENDENCIES ...... ./p1.js
RESOLVE DEPENDENCIES "plugins/p1.js":  
PROCESSING MODULE plugins/p2.js
GENERATE ID    outputTest/0.0.1/plugins/p2
FOUND DEPENDENCIES "plugins/p2.js":  []
BEGIN RESOLVE GLOBAL DEPENDENCIES ...... ./p2.js
RESOLVE DEPENDENCIES "plugins/p2.js":  
SPM PLUGIN DEPENDENCIES EXECUTION SUCCESSFULLY!
--- SPM PLUGIN DEPCHECK ---
SPM PLUGIN DEPCHECK EXECUTION SUCCESSFULLY!
--- SPM PLUGIN TPL ---
SPM PLUGIN TPL EXECUTION SUCCESSFULLY!
--- SPM PLUGIN CSS ---
SPM PLUGIN CSS EXECUTION SUCCESSFULLY!
--- SPM PLUGIN OUTPUT ---
[ './a.js', './b.js', './c.js', './excludeMergeA.js' ]
---- ./a.js -1 -1
---- ./b.js -1 -1
---- ./c.js -1 -1
---- ./excludeMergeA.js -1 -1
filted includes: [ './a.js', './b.js', './c.js', './excludeMergeA.js' ]
[ './a.js',
  './b.js',
  './c.js',
  'gallery/jquery/1.7.2/jquery',
  'arale/widget/1.0.2/widget',
  'arale/base/1.0.1/base',
  'arale/class/1.0.0/class',
  'arale/events/1.0.0/events',
  './excludeMergeB.js' ]
---- ./a.js -1 -1
---- ./b.js -1 -1
---- ./c.js -1 -1
---- gallery/jquery/1.7.2/jquery -1 -1
---- arale/widget/1.0.2/widget -1 -1
---- arale/base/1.0.1/base -1 -1
---- arale/class/1.0.0/class -1 -1
---- arale/events/1.0.0/events -1 -1
---- ./excludeMergeB.js -1 -1
filted includes: [ './a.js',
  './b.js',
  './c.js',
  'gallery/jquery/1.7.2/jquery',
  'arale/widget/1.0.2/widget',
  'arale/base/1.0.1/base',
  'arale/class/1.0.0/class',
  'arale/events/1.0.0/events',
  './excludeMergeB.js' ]
---- ./a.js -1
---- ./b.js -1
---- ./a.js -1
---- ./b.js -1
---- ./c.js -1
---- ./plugins/p1.js -1
---- ./plugins/p2.js -1
---- ./allMerge.js -1
---- ./c.js -1
---- ./js/a.js -1
---- ./js/b.js -1
---- ./js/c.js -1
---- ./a.js -1
---- ./b.js -1
---- ./c.js -1
---- ./plugins/p1.js -1
---- ./plugins/p2.js -1
---- gallery/jquery/1.7.2/jquery -1
---- arale/widget/1.0.2/widget -1
---- arale/base/1.0.1/base -1
---- arale/class/1.0.0/class -1
---- arale/events/1.0.0/events -1
---- ./allMerge.js -1
fetch module gallery/jquery/1.7.2/jquery-debug
find requestUrl---> /Users/kanghui/.spm/sources/127.0.0.1-8000/gallery/jquery/1.7.2/jquery-debug.js
fetch module gallery/jquery/1.7.2/jquery
find requestUrl---> /Users/kanghui/.spm/sources/127.0.0.1-8000/gallery/jquery/1.7.2/jquery.js
fetch module arale/widget/1.0.2/widget-debug
find requestUrl---> /Users/kanghui/.spm/sources/127.0.0.1-8000/arale/widget/1.0.2/widget-debug.js
fetch module arale/widget/1.0.2/widget
find requestUrl---> /Users/kanghui/.spm/sources/127.0.0.1-8000/arale/widget/1.0.2/widget.js
fetch module arale/base/1.0.1/base-debug
find requestUrl---> /Users/kanghui/.spm/sources/127.0.0.1-8000/arale/base/1.0.1/base-debug.js
fetch module arale/base/1.0.1/base
find requestUrl---> /Users/kanghui/.spm/sources/127.0.0.1-8000/arale/base/1.0.1/base.js
fetch module arale/class/1.0.0/class-debug
find requestUrl---> /Users/kanghui/.spm/sources/127.0.0.1-8000/arale/class/1.0.0/class-debug.js
fetch module arale/class/1.0.0/class
find requestUrl---> /Users/kanghui/.spm/sources/127.0.0.1-8000/arale/class/1.0.0/class.js
fetch module arale/events/1.0.0/events-debug
find requestUrl---> /Users/kanghui/.spm/sources/127.0.0.1-8000/arale/events/1.0.0/events-debug.js
fetch module arale/events/1.0.0/events
find requestUrl---> /Users/kanghui/.spm/sources/127.0.0.1-8000/arale/events/1.0.0/events.js
---- ./a.js -1
---- ./b.js -1
---- ./c.js -1
---- ./localMerge.js -1
---- ./a.js -1
---- ./b.js -1
---- ./c.js -1
---- ./plugins/p1.js -1
---- ./plugins/p2.js -1
---- gallery/jquery/1.7.2/jquery -1
---- arale/widget/1.0.2/widget -1
---- arale/base/1.0.1/base -1
---- arale/class/1.0.0/class -1
---- arale/events/1.0.0/events -1
---- ./allMerge.js -1
fetch module gallery/jquery/1.7.2/jquery-debug
find requestUrl---> /Users/kanghui/.spm/sources/127.0.0.1-8000/gallery/jquery/1.7.2/jquery-debug.js
fetch module gallery/jquery/1.7.2/jquery
find requestUrl---> /Users/kanghui/.spm/sources/127.0.0.1-8000/gallery/jquery/1.7.2/jquery.js
fetch module arale/widget/1.0.2/widget-debug
find requestUrl---> /Users/kanghui/.spm/sources/127.0.0.1-8000/arale/widget/1.0.2/widget-debug.js
fetch module arale/widget/1.0.2/widget
find requestUrl---> /Users/kanghui/.spm/sources/127.0.0.1-8000/arale/widget/1.0.2/widget.js
fetch module arale/base/1.0.1/base-debug
find requestUrl---> /Users/kanghui/.spm/sources/127.0.0.1-8000/arale/base/1.0.1/base-debug.js
fetch module arale/base/1.0.1/base
find requestUrl---> /Users/kanghui/.spm/sources/127.0.0.1-8000/arale/base/1.0.1/base.js
fetch module arale/class/1.0.0/class-debug
find requestUrl---> /Users/kanghui/.spm/sources/127.0.0.1-8000/arale/class/1.0.0/class-debug.js
fetch module arale/class/1.0.0/class
find requestUrl---> /Users/kanghui/.spm/sources/127.0.0.1-8000/arale/class/1.0.0/class.js
fetch module arale/events/1.0.0/events-debug
find requestUrl---> /Users/kanghui/.spm/sources/127.0.0.1-8000/arale/events/1.0.0/events-debug.js
fetch module arale/events/1.0.0/events
find requestUrl---> /Users/kanghui/.spm/sources/127.0.0.1-8000/arale/events/1.0.0/events.js
---- ./arrayMerge.js -1
---- ./a.js -1
---- ./b.js -1
---- ./c.js -1
---- ./a.js -1
---- ./b.js -1
---- ./c.js -1
---- ./excludeMergeA.js -1
---- ./a.js -1
---- ./b.js -1
---- ./c.js -1
---- gallery/jquery/1.7.2/jquery -1
---- arale/widget/1.0.2/widget -1
---- arale/base/1.0.1/base -1
---- arale/class/1.0.0/class -1
---- arale/events/1.0.0/events -1
---- ./excludeMergeB.js -1
fetch module gallery/jquery/1.7.2/jquery-debug
find requestUrl---> /Users/kanghui/.spm/sources/127.0.0.1-8000/gallery/jquery/1.7.2/jquery-debug.js
fetch module gallery/jquery/1.7.2/jquery
find requestUrl---> /Users/kanghui/.spm/sources/127.0.0.1-8000/gallery/jquery/1.7.2/jquery.js
fetch module arale/widget/1.0.2/widget-debug
find requestUrl---> /Users/kanghui/.spm/sources/127.0.0.1-8000/arale/widget/1.0.2/widget-debug.js
fetch module arale/widget/1.0.2/widget
find requestUrl---> /Users/kanghui/.spm/sources/127.0.0.1-8000/arale/widget/1.0.2/widget.js
fetch module arale/base/1.0.1/base-debug
find requestUrl---> /Users/kanghui/.spm/sources/127.0.0.1-8000/arale/base/1.0.1/base-debug.js
fetch module arale/base/1.0.1/base
find requestUrl---> /Users/kanghui/.spm/sources/127.0.0.1-8000/arale/base/1.0.1/base.js
fetch module arale/class/1.0.0/class-debug
find requestUrl---> /Users/kanghui/.spm/sources/127.0.0.1-8000/arale/class/1.0.0/class-debug.js
fetch module arale/class/1.0.0/class
find requestUrl---> /Users/kanghui/.spm/sources/127.0.0.1-8000/arale/class/1.0.0/class.js
fetch module arale/events/1.0.0/events-debug
find requestUrl---> /Users/kanghui/.spm/sources/127.0.0.1-8000/arale/events/1.0.0/events-debug.js
fetch module arale/events/1.0.0/events
find requestUrl---> /Users/kanghui/.spm/sources/127.0.0.1-8000/arale/events/1.0.0/events.js
---- ./plugins/p1.js -1
---- ./plugins/p2.js -1
SPM PLUGIN OUTPUT EXECUTION SUCCESSFULLY!
--- SPM PLUGIN MIN ---
SPM PLUGIN MIN EXECUTION SUCCESSFULLY!
--- SPM PLUGIN INSTALL ---
SPM PLUGIN INSTALL EXECUTION SUCCESSFULLY!
--- SPM PLUGIN ZIP ---
SPM PLUGIN ZIP EXECUTION SUCCESSFULLY!
--- SPM PLUGIN CLEAN ---
SPM PLUGIN CLEAN EXECUTION SUCCESSFULLY!
------------------------------------------------------------------------
BUILD SUCCESS!
------------------------------------------------------------------------
․Scanning for projects...

------------------------------------------------------------------------
Building outputTest 0.0.1
------------------------------------------------------------------------
--- SPM PLUGIN CLEAN ---
SPM PLUGIN CLEAN EXECUTION SUCCESSFULLY!
--- SPM PLUGIN RESOURCES ---
SPM PLUGIN RESOURCES EXECUTION SUCCESSFULLY!
--- SPM PLUGIN COFFEE ---
SPM PLUGIN COFFEE EXECUTION SUCCESSFULLY!
--- SPM PLUGIN LESS ---
SPM PLUGIN LESS EXECUTION SUCCESSFULLY!
--- SPM PLUGIN LINT ---
SPM PLUGIN LINT EXECUTION SUCCESSFULLY!
--- SPM PLUGIN LOADSOURCECONFIG ---
Downloading: http://127.0.0.1:8000/config.json
Downloaded: http://127.0.0.1:8000/config.json
SPM PLUGIN LOADSOURCECONFIG EXECUTION SUCCESSFULLY!
--- SPM PLUGIN DEPENDENCIES ---
PROCESSING MODULE a.js
GENERATE ID    outputTest/0.0.1/a
FOUND DEPENDENCIES "a.js":  []
BEGIN RESOLVE GLOBAL DEPENDENCIES ...... ./a.js
RESOLVE DEPENDENCIES "a.js":  
PROCESSING MODULE allMerge.js
GENERATE ID    outputTest/0.0.1/allMerge
FOUND DEPENDENCIES "allMerge.js":  [ '$',
  'widget',
  './a',
  './b',
  './c',
  './plugins/p1',
  './plugins/p2' ]
FOUND DEPENDENCIES "./a":  []
resolved------> ./a [ './allMerge.js', '$', 'widget', './a' ] ./a ./a
FOUND DEPENDENCIES "./b":  []
resolved------> ./b [ './allMerge.js', '$', 'widget', './a', './a', './b' ] ./b ./b
FOUND DEPENDENCIES "./c":  []
resolved------> ./c [ './allMerge.js', '$', 'widget', './a', './a', './b', './b', './c' ] ./c ./c
FOUND DEPENDENCIES "./plugins/p1":  []
resolved------> ./plugins/p1 [ './allMerge.js',
  '$',
  'widget',
  './a',
  './a',
  './b',
  './b',
  './c',
  './c',
  './plugins/p1' ] ./plugins/p1 ./plugins/p1
FOUND DEPENDENCIES "./plugins/p2":  []
resolved------> ./plugins/p2 [ './allMerge.js',
  '$',
  'widget',
  './a',
  './a',
  './b',
  './b',
  './c',
  './c',
  './plugins/p1',
  './plugins/p1',
  './plugins/p2' ] ./plugins/p2 ./plugins/p2
BEGIN RESOLVE GLOBAL DEPENDENCIES ...... ./allMerge.js,$,widget,./a,./b,./c,./plugins/p1,./plugins/p2
from source getModule: gallery/jquery/1.7.2/jquery
fetch module gallery/jquery/1.7.2/jquery
find requestUrl---> /Users/kanghui/.spm/sources/127.0.0.1-8000/gallery/jquery/1.7.2/jquery.js
mergeModules------> [ 'gallery/jquery/1.7.2/jquery', 'jquery' ]
from source getModule: arale/widget/1.0.2/widget
fetch module arale/widget/1.0.2/widget
find requestUrl---> /Users/kanghui/.spm/sources/127.0.0.1-8000/arale/widget/1.0.2/widget.js
mergeModules------> [ 'arale/widget/1.0.2/daparser',
  'arale/widget/1.0.2/auto-render',
  'arale/widget/1.0.2/widget' ]
RESOLVE DEPENDENCIES "allMerge.js":  ./a, ./b, ./c, ./plugins/p1, ./plugins/p2, gallery/jquery/1.7.2/jquery, arale/widget/1.0.2/widget, arale/base/1.0.1/base, arale/class/1.0.0/class, arale/events/1.0.0/events
PROCESSING MODULE arrayMerge.js
GENERATE ID    outputTest/0.0.1/arrayMerge
FOUND DEPENDENCIES "arrayMerge.js":  [ '$', 'widget', './a.js', './b.js', './c.js' ]
FOUND DEPENDENCIES "./a.js":  []
resolved------> ./a.js [ './arrayMerge.js', '$', 'widget', './a.js' ] ./a.js ./a.js
FOUND DEPENDENCIES "./b.js":  []
resolved------> ./b.js [ './arrayMerge.js', '$', 'widget', './a.js', './a.js', './b.js' ] ./b.js ./b.js
FOUND DEPENDENCIES "./c.js":  []
resolved------> ./c.js [ './arrayMerge.js',
  '$',
  'widget',
  './a.js',
  './a.js',
  './b.js',
  './b.js',
  './c.js' ] ./c.js ./c.js
BEGIN RESOLVE GLOBAL DEPENDENCIES ...... ./arrayMerge.js,$,widget,./a.js,./b.js,./c.js
cache ----------------> gallery/jquery/1.7.2/jquery
cache ----------------> arale/widget/1.0.2/widget
RESOLVE DEPENDENCIES "arrayMerge.js":  ./a.js, ./b.js, ./c.js, gallery/jquery/1.7.2/jquery, arale/widget/1.0.2/widget, arale/base/1.0.1/base, arale/class/1.0.0/class, arale/events/1.0.0/events
PROCESSING MODULE b.js
GENERATE ID    outputTest/0.0.1/b
FOUND DEPENDENCIES "b.js":  []
BEGIN RESOLVE GLOBAL DEPENDENCIES ...... ./b.js
RESOLVE DEPENDENCIES "b.js":  
PROCESSING MODULE c.js
GENERATE ID    outputTest/0.0.1/c
FOUND DEPENDENCIES "c.js":  []
BEGIN RESOLVE GLOBAL DEPENDENCIES ...... ./c.js
RESOLVE DEPENDENCIES "c.js":  
PROCESSING MODULE excludeMergeA.js
GENERATE ID    outputTest/0.0.1/excludeMergeA
FOUND DEPENDENCIES "excludeMergeA.js":  [ '$', 'widget', './a.js', './b.js', './c.js' ]
FOUND DEPENDENCIES "./a.js":  []
resolved------> ./a.js [ './excludeMergeA.js', '$', 'widget', './a.js' ] ./a.js ./a.js
FOUND DEPENDENCIES "./b.js":  []
resolved------> ./b.js [ './excludeMergeA.js',
  '$',
  'widget',
  './a.js',
  './a.js',
  './b.js' ] ./b.js ./b.js
FOUND DEPENDENCIES "./c.js":  []
resolved------> ./c.js [ './excludeMergeA.js',
  '$',
  'widget',
  './a.js',
  './a.js',
  './b.js',
  './b.js',
  './c.js' ] ./c.js ./c.js
BEGIN RESOLVE GLOBAL DEPENDENCIES ...... ./excludeMergeA.js,$,widget,./a.js,./b.js,./c.js
cache ----------------> gallery/jquery/1.7.2/jquery
cache ----------------> arale/widget/1.0.2/widget
RESOLVE DEPENDENCIES "excludeMergeA.js":  ./a.js, ./b.js, ./c.js, gallery/jquery/1.7.2/jquery, arale/widget/1.0.2/widget, arale/base/1.0.1/base, arale/class/1.0.0/class, arale/events/1.0.0/events
PROCESSING MODULE excludeMergeB.js
GENERATE ID    outputTest/0.0.1/excludeMergeB
FOUND DEPENDENCIES "excludeMergeB.js":  [ '$', 'widget', './a.js', './b.js', './c.js' ]
FOUND DEPENDENCIES "./a.js":  []
resolved------> ./a.js [ './excludeMergeB.js', '$', 'widget', './a.js' ] ./a.js ./a.js
FOUND DEPENDENCIES "./b.js":  []
resolved------> ./b.js [ './excludeMergeB.js',
  '$',
  'widget',
  './a.js',
  './a.js',
  './b.js' ] ./b.js ./b.js
FOUND DEPENDENCIES "./c.js":  []
resolved------> ./c.js [ './excludeMergeB.js',
  '$',
  'widget',
  './a.js',
  './a.js',
  './b.js',
  './b.js',
  './c.js' ] ./c.js ./c.js
BEGIN RESOLVE GLOBAL DEPENDENCIES ...... ./excludeMergeB.js,$,widget,./a.js,./b.js,./c.js
cache ----------------> gallery/jquery/1.7.2/jquery
cache ----------------> arale/widget/1.0.2/widget
RESOLVE DEPENDENCIES "excludeMergeB.js":  ./a.js, ./b.js, ./c.js, gallery/jquery/1.7.2/jquery, arale/widget/1.0.2/widget, arale/base/1.0.1/base, arale/class/1.0.0/class, arale/events/1.0.0/events
PROCESSING MODULE js/a.js
GENERATE ID    outputTest/0.0.1/js/a
FOUND DEPENDENCIES "js/a.js":  []
BEGIN RESOLVE GLOBAL DEPENDENCIES ...... ./a.js
RESOLVE DEPENDENCIES "js/a.js":  
PROCESSING MODULE js/b.js
GENERATE ID    outputTest/0.0.1/js/b
FOUND DEPENDENCIES "js/b.js":  []
BEGIN RESOLVE GLOBAL DEPENDENCIES ...... ./b.js
RESOLVE DEPENDENCIES "js/b.js":  
PROCESSING MODULE js/c.js
GENERATE ID    outputTest/0.0.1/js/c
FOUND DEPENDENCIES "js/c.js":  []
BEGIN RESOLVE GLOBAL DEPENDENCIES ...... ./c.js
RESOLVE DEPENDENCIES "js/c.js":  
PROCESSING MODULE localMerge.js
GENERATE ID    outputTest/0.0.1/localMerge
FOUND DEPENDENCIES "localMerge.js":  [ '$', 'widget', './a.js', './b.js', './c.js' ]
FOUND DEPENDENCIES "./a.js":  []
resolved------> ./a.js [ './localMerge.js', '$', 'widget', './a.js' ] ./a.js ./a.js
FOUND DEPENDENCIES "./b.js":  []
resolved------> ./b.js [ './localMerge.js', '$', 'widget', './a.js', './a.js', './b.js' ] ./b.js ./b.js
FOUND DEPENDENCIES "./c.js":  []
resolved------> ./c.js [ './localMerge.js',
  '$',
  'widget',
  './a.js',
  './a.js',
  './b.js',
  './b.js',
  './c.js' ] ./c.js ./c.js
BEGIN RESOLVE GLOBAL DEPENDENCIES ...... ./localMerge.js,$,widget,./a.js,./b.js,./c.js
cache ----------------> gallery/jquery/1.7.2/jquery
cache ----------------> arale/widget/1.0.2/widget
RESOLVE DEPENDENCIES "localMerge.js":  ./a.js, ./b.js, ./c.js, gallery/jquery/1.7.2/jquery, arale/widget/1.0.2/widget, arale/base/1.0.1/base, arale/class/1.0.0/class, arale/events/1.0.0/events
PROCESSING MODULE plugins/p1.js
GENERATE ID    outputTest/0.0.1/plugins/p1
FOUND DEPENDENCIES "plugins/p1.js":  []
BEGIN RESOLVE GLOBAL DEPENDENCIES ...... ./p1.js
RESOLVE DEPENDENCIES "plugins/p1.js":  
PROCESSING MODULE plugins/p2.js
GENERATE ID    outputTest/0.0.1/plugins/p2
FOUND DEPENDENCIES "plugins/p2.js":  []
BEGIN RESOLVE GLOBAL DEPENDENCIES ...... ./p2.js
RESOLVE DEPENDENCIES "plugins/p2.js":  
SPM PLUGIN DEPENDENCIES EXECUTION SUCCESSFULLY!
--- SPM PLUGIN DEPCHECK ---
SPM PLUGIN DEPCHECK EXECUTION SUCCESSFULLY!
--- SPM PLUGIN TPL ---
SPM PLUGIN TPL EXECUTION SUCCESSFULLY!
--- SPM PLUGIN CSS ---
SPM PLUGIN CSS EXECUTION SUCCESSFULLY!
--- SPM PLUGIN OUTPUT ---
[ './a.js', './b.js', './c.js', './excludeMergeA.js' ]
---- ./a.js -1 -1
---- ./b.js -1 -1
---- ./c.js -1 -1
---- ./excludeMergeA.js -1 -1
filted includes: [ './a.js', './b.js', './c.js', './excludeMergeA.js' ]
[ './a.js',
  './b.js',
  './c.js',
  'gallery/jquery/1.7.2/jquery',
  'arale/widget/1.0.2/widget',
  'arale/base/1.0.1/base',
  'arale/class/1.0.0/class',
  'arale/events/1.0.0/events',
  './excludeMergeB.js' ]
---- ./a.js -1 -1
---- ./b.js -1 -1
---- ./c.js -1 -1
---- gallery/jquery/1.7.2/jquery -1 -1
---- arale/widget/1.0.2/widget -1 -1
---- arale/base/1.0.1/base -1 -1
---- arale/class/1.0.0/class -1 -1
---- arale/events/1.0.0/events -1 -1
---- ./excludeMergeB.js -1 -1
filted includes: [ './a.js',
  './b.js',
  './c.js',
  'gallery/jquery/1.7.2/jquery',
  'arale/widget/1.0.2/widget',
  'arale/base/1.0.1/base',
  'arale/class/1.0.0/class',
  'arale/events/1.0.0/events',
  './excludeMergeB.js' ]
---- ./a.js -1
---- ./b.js -1
---- ./a.js -1
---- ./b.js -1
---- ./c.js -1
---- ./plugins/p1.js -1
---- ./plugins/p2.js -1
---- ./allMerge.js -1
---- ./c.js -1
---- ./js/a.js -1
---- ./js/b.js -1
---- ./js/c.js -1
---- ./a.js -1
---- ./b.js -1
---- ./c.js -1
---- ./plugins/p1.js -1
---- ./plugins/p2.js -1
---- gallery/jquery/1.7.2/jquery -1
---- arale/widget/1.0.2/widget -1
---- arale/base/1.0.1/base -1
---- arale/class/1.0.0/class -1
---- arale/events/1.0.0/events -1
---- ./allMerge.js -1
fetch module gallery/jquery/1.7.2/jquery-debug
find requestUrl---> /Users/kanghui/.spm/sources/127.0.0.1-8000/gallery/jquery/1.7.2/jquery-debug.js
fetch module gallery/jquery/1.7.2/jquery
find requestUrl---> /Users/kanghui/.spm/sources/127.0.0.1-8000/gallery/jquery/1.7.2/jquery.js
fetch module arale/widget/1.0.2/widget-debug
find requestUrl---> /Users/kanghui/.spm/sources/127.0.0.1-8000/arale/widget/1.0.2/widget-debug.js
fetch module arale/widget/1.0.2/widget
find requestUrl---> /Users/kanghui/.spm/sources/127.0.0.1-8000/arale/widget/1.0.2/widget.js
fetch module arale/base/1.0.1/base-debug
find requestUrl---> /Users/kanghui/.spm/sources/127.0.0.1-8000/arale/base/1.0.1/base-debug.js
fetch module arale/base/1.0.1/base
find requestUrl---> /Users/kanghui/.spm/sources/127.0.0.1-8000/arale/base/1.0.1/base.js
fetch module arale/class/1.0.0/class-debug
find requestUrl---> /Users/kanghui/.spm/sources/127.0.0.1-8000/arale/class/1.0.0/class-debug.js
fetch module arale/class/1.0.0/class
find requestUrl---> /Users/kanghui/.spm/sources/127.0.0.1-8000/arale/class/1.0.0/class.js
fetch module arale/events/1.0.0/events-debug
find requestUrl---> /Users/kanghui/.spm/sources/127.0.0.1-8000/arale/events/1.0.0/events-debug.js
fetch module arale/events/1.0.0/events
find requestUrl---> /Users/kanghui/.spm/sources/127.0.0.1-8000/arale/events/1.0.0/events.js
---- ./a.js -1
---- ./b.js -1
---- ./c.js -1
---- ./localMerge.js -1
---- ./a.js -1
---- ./b.js -1
---- ./c.js -1
---- ./plugins/p1.js -1
---- ./plugins/p2.js -1
---- gallery/jquery/1.7.2/jquery -1
---- arale/widget/1.0.2/widget -1
---- arale/base/1.0.1/base -1
---- arale/class/1.0.0/class -1
---- arale/events/1.0.0/events -1
---- ./allMerge.js -1
fetch module gallery/jquery/1.7.2/jquery-debug
find requestUrl---> /Users/kanghui/.spm/sources/127.0.0.1-8000/gallery/jquery/1.7.2/jquery-debug.js
fetch module gallery/jquery/1.7.2/jquery
find requestUrl---> /Users/kanghui/.spm/sources/127.0.0.1-8000/gallery/jquery/1.7.2/jquery.js
fetch module arale/widget/1.0.2/widget-debug
find requestUrl---> /Users/kanghui/.spm/sources/127.0.0.1-8000/arale/widget/1.0.2/widget-debug.js
fetch module arale/widget/1.0.2/widget
find requestUrl---> /Users/kanghui/.spm/sources/127.0.0.1-8000/arale/widget/1.0.2/widget.js
fetch module arale/base/1.0.1/base-debug
find requestUrl---> /Users/kanghui/.spm/sources/127.0.0.1-8000/arale/base/1.0.1/base-debug.js
fetch module arale/base/1.0.1/base
find requestUrl---> /Users/kanghui/.spm/sources/127.0.0.1-8000/arale/base/1.0.1/base.js
fetch module arale/class/1.0.0/class-debug
find requestUrl---> /Users/kanghui/.spm/sources/127.0.0.1-8000/arale/class/1.0.0/class-debug.js
fetch module arale/class/1.0.0/class
find requestUrl---> /Users/kanghui/.spm/sources/127.0.0.1-8000/arale/class/1.0.0/class.js
fetch module arale/events/1.0.0/events-debug
find requestUrl---> /Users/kanghui/.spm/sources/127.0.0.1-8000/arale/events/1.0.0/events-debug.js
fetch module arale/events/1.0.0/events
find requestUrl---> /Users/kanghui/.spm/sources/127.0.0.1-8000/arale/events/1.0.0/events.js
---- ./arrayMerge.js -1
---- ./a.js -1
---- ./b.js -1
---- ./c.js -1
---- ./a.js -1
---- ./b.js -1
---- ./c.js -1
---- ./excludeMergeA.js -1
---- ./a.js -1
---- ./b.js -1
---- ./c.js -1
---- gallery/jquery/1.7.2/jquery -1
---- arale/widget/1.0.2/widget -1
---- arale/base/1.0.1/base -1
---- arale/class/1.0.0/class -1
---- arale/events/1.0.0/events -1
---- ./excludeMergeB.js -1
fetch module gallery/jquery/1.7.2/jquery-debug
find requestUrl---> /Users/kanghui/.spm/sources/127.0.0.1-8000/gallery/jquery/1.7.2/jquery-debug.js
fetch module gallery/jquery/1.7.2/jquery
find requestUrl---> /Users/kanghui/.spm/sources/127.0.0.1-8000/gallery/jquery/1.7.2/jquery.js
fetch module arale/widget/1.0.2/widget-debug
find requestUrl---> /Users/kanghui/.spm/sources/127.0.0.1-8000/arale/widget/1.0.2/widget-debug.js
fetch module arale/widget/1.0.2/widget
find requestUrl---> /Users/kanghui/.spm/sources/127.0.0.1-8000/arale/widget/1.0.2/widget.js
fetch module arale/base/1.0.1/base-debug
find requestUrl---> /Users/kanghui/.spm/sources/127.0.0.1-8000/arale/base/1.0.1/base-debug.js
fetch module arale/base/1.0.1/base
find requestUrl---> /Users/kanghui/.spm/sources/127.0.0.1-8000/arale/base/1.0.1/base.js
fetch module arale/class/1.0.0/class-debug
find requestUrl---> /Users/kanghui/.spm/sources/127.0.0.1-8000/arale/class/1.0.0/class-debug.js
fetch module arale/class/1.0.0/class
find requestUrl---> /Users/kanghui/.spm/sources/127.0.0.1-8000/arale/class/1.0.0/class.js
fetch module arale/events/1.0.0/events-debug
find requestUrl---> /Users/kanghui/.spm/sources/127.0.0.1-8000/arale/events/1.0.0/events-debug.js
fetch module arale/events/1.0.0/events
find requestUrl---> /Users/kanghui/.spm/sources/127.0.0.1-8000/arale/events/1.0.0/events.js
---- ./plugins/p1.js -1
---- ./plugins/p2.js -1
SPM PLUGIN OUTPUT EXECUTION SUCCESSFULLY!
--- SPM PLUGIN MIN ---
SPM PLUGIN MIN EXECUTION SUCCESSFULLY!
--- SPM PLUGIN INSTALL ---
SPM PLUGIN INSTALL EXECUTION SUCCESSFULLY!
--- SPM PLUGIN ZIP ---
SPM PLUGIN ZIP EXECUTION SUCCESSFULLY!
--- SPM PLUGIN CLEAN ---
SPM PLUGIN CLEAN EXECUTION SUCCESSFULLY!
------------------------------------------------------------------------
BUILD SUCCESS!
------------------------------------------------------------------------
․Scanning for projects...

------------------------------------------------------------------------
Building outputTest 0.0.1
------------------------------------------------------------------------
--- SPM PLUGIN CLEAN ---
SPM PLUGIN CLEAN EXECUTION SUCCESSFULLY!
--- SPM PLUGIN RESOURCES ---
SPM PLUGIN RESOURCES EXECUTION SUCCESSFULLY!
--- SPM PLUGIN COFFEE ---
SPM PLUGIN COFFEE EXECUTION SUCCESSFULLY!
--- SPM PLUGIN LESS ---
SPM PLUGIN LESS EXECUTION SUCCESSFULLY!
--- SPM PLUGIN LINT ---
SPM PLUGIN LINT EXECUTION SUCCESSFULLY!
--- SPM PLUGIN LOADSOURCECONFIG ---
Downloading: http://127.0.0.1:8000/config.json
Downloaded: http://127.0.0.1:8000/config.json
SPM PLUGIN LOADSOURCECONFIG EXECUTION SUCCESSFULLY!
--- SPM PLUGIN DEPENDENCIES ---
PROCESSING MODULE a.js
GENERATE ID    outputTest/0.0.1/a
FOUND DEPENDENCIES "a.js":  []
BEGIN RESOLVE GLOBAL DEPENDENCIES ...... ./a.js
RESOLVE DEPENDENCIES "a.js":  
PROCESSING MODULE allMerge.js
GENERATE ID    outputTest/0.0.1/allMerge
FOUND DEPENDENCIES "allMerge.js":  [ '$',
  'widget',
  './a',
  './b',
  './c',
  './plugins/p1',
  './plugins/p2' ]
FOUND DEPENDENCIES "./a":  []
resolved------> ./a [ './allMerge.js', '$', 'widget', './a' ] ./a ./a
FOUND DEPENDENCIES "./b":  []
resolved------> ./b [ './allMerge.js', '$', 'widget', './a', './a', './b' ] ./b ./b
FOUND DEPENDENCIES "./c":  []
resolved------> ./c [ './allMerge.js', '$', 'widget', './a', './a', './b', './b', './c' ] ./c ./c
FOUND DEPENDENCIES "./plugins/p1":  []
resolved------> ./plugins/p1 [ './allMerge.js',
  '$',
  'widget',
  './a',
  './a',
  './b',
  './b',
  './c',
  './c',
  './plugins/p1' ] ./plugins/p1 ./plugins/p1
FOUND DEPENDENCIES "./plugins/p2":  []
resolved------> ./plugins/p2 [ './allMerge.js',
  '$',
  'widget',
  './a',
  './a',
  './b',
  './b',
  './c',
  './c',
  './plugins/p1',
  './plugins/p1',
  './plugins/p2' ] ./plugins/p2 ./plugins/p2
BEGIN RESOLVE GLOBAL DEPENDENCIES ...... ./allMerge.js,$,widget,./a,./b,./c,./plugins/p1,./plugins/p2
from source getModule: gallery/jquery/1.7.2/jquery
fetch module gallery/jquery/1.7.2/jquery
find requestUrl---> /Users/kanghui/.spm/sources/127.0.0.1-8000/gallery/jquery/1.7.2/jquery.js
mergeModules------> [ 'gallery/jquery/1.7.2/jquery', 'jquery' ]
from source getModule: arale/widget/1.0.2/widget
fetch module arale/widget/1.0.2/widget
find requestUrl---> /Users/kanghui/.spm/sources/127.0.0.1-8000/arale/widget/1.0.2/widget.js
mergeModules------> [ 'arale/widget/1.0.2/daparser',
  'arale/widget/1.0.2/auto-render',
  'arale/widget/1.0.2/widget' ]
RESOLVE DEPENDENCIES "allMerge.js":  ./a, ./b, ./c, ./plugins/p1, ./plugins/p2, gallery/jquery/1.7.2/jquery, arale/widget/1.0.2/widget, arale/base/1.0.1/base, arale/class/1.0.0/class, arale/events/1.0.0/events
PROCESSING MODULE arrayMerge.js
GENERATE ID    outputTest/0.0.1/arrayMerge
FOUND DEPENDENCIES "arrayMerge.js":  [ '$', 'widget', './a.js', './b.js', './c.js' ]
FOUND DEPENDENCIES "./a.js":  []
resolved------> ./a.js [ './arrayMerge.js', '$', 'widget', './a.js' ] ./a.js ./a.js
FOUND DEPENDENCIES "./b.js":  []
resolved------> ./b.js [ './arrayMerge.js', '$', 'widget', './a.js', './a.js', './b.js' ] ./b.js ./b.js
FOUND DEPENDENCIES "./c.js":  []
resolved------> ./c.js [ './arrayMerge.js',
  '$',
  'widget',
  './a.js',
  './a.js',
  './b.js',
  './b.js',
  './c.js' ] ./c.js ./c.js
BEGIN RESOLVE GLOBAL DEPENDENCIES ...... ./arrayMerge.js,$,widget,./a.js,./b.js,./c.js
cache ----------------> gallery/jquery/1.7.2/jquery
cache ----------------> arale/widget/1.0.2/widget
RESOLVE DEPENDENCIES "arrayMerge.js":  ./a.js, ./b.js, ./c.js, gallery/jquery/1.7.2/jquery, arale/widget/1.0.2/widget, arale/base/1.0.1/base, arale/class/1.0.0/class, arale/events/1.0.0/events
PROCESSING MODULE b.js
GENERATE ID    outputTest/0.0.1/b
FOUND DEPENDENCIES "b.js":  []
BEGIN RESOLVE GLOBAL DEPENDENCIES ...... ./b.js
RESOLVE DEPENDENCIES "b.js":  
PROCESSING MODULE c.js
GENERATE ID    outputTest/0.0.1/c
FOUND DEPENDENCIES "c.js":  []
BEGIN RESOLVE GLOBAL DEPENDENCIES ...... ./c.js
RESOLVE DEPENDENCIES "c.js":  
PROCESSING MODULE excludeMergeA.js
GENERATE ID    outputTest/0.0.1/excludeMergeA
FOUND DEPENDENCIES "excludeMergeA.js":  [ '$', 'widget', './a.js', './b.js', './c.js' ]
FOUND DEPENDENCIES "./a.js":  []
resolved------> ./a.js [ './excludeMergeA.js', '$', 'widget', './a.js' ] ./a.js ./a.js
FOUND DEPENDENCIES "./b.js":  []
resolved------> ./b.js [ './excludeMergeA.js',
  '$',
  'widget',
  './a.js',
  './a.js',
  './b.js' ] ./b.js ./b.js
FOUND DEPENDENCIES "./c.js":  []
resolved------> ./c.js [ './excludeMergeA.js',
  '$',
  'widget',
  './a.js',
  './a.js',
  './b.js',
  './b.js',
  './c.js' ] ./c.js ./c.js
BEGIN RESOLVE GLOBAL DEPENDENCIES ...... ./excludeMergeA.js,$,widget,./a.js,./b.js,./c.js
cache ----------------> gallery/jquery/1.7.2/jquery
cache ----------------> arale/widget/1.0.2/widget
RESOLVE DEPENDENCIES "excludeMergeA.js":  ./a.js, ./b.js, ./c.js, gallery/jquery/1.7.2/jquery, arale/widget/1.0.2/widget, arale/base/1.0.1/base, arale/class/1.0.0/class, arale/events/1.0.0/events
PROCESSING MODULE excludeMergeB.js
GENERATE ID    outputTest/0.0.1/excludeMergeB
FOUND DEPENDENCIES "excludeMergeB.js":  [ '$', 'widget', './a.js', './b.js', './c.js' ]
FOUND DEPENDENCIES "./a.js":  []
resolved------> ./a.js [ './excludeMergeB.js', '$', 'widget', './a.js' ] ./a.js ./a.js
FOUND DEPENDENCIES "./b.js":  []
resolved------> ./b.js [ './excludeMergeB.js',
  '$',
  'widget',
  './a.js',
  './a.js',
  './b.js' ] ./b.js ./b.js
FOUND DEPENDENCIES "./c.js":  []
resolved------> ./c.js [ './excludeMergeB.js',
  '$',
  'widget',
  './a.js',
  './a.js',
  './b.js',
  './b.js',
  './c.js' ] ./c.js ./c.js
BEGIN RESOLVE GLOBAL DEPENDENCIES ...... ./excludeMergeB.js,$,widget,./a.js,./b.js,./c.js
cache ----------------> gallery/jquery/1.7.2/jquery
cache ----------------> arale/widget/1.0.2/widget
RESOLVE DEPENDENCIES "excludeMergeB.js":  ./a.js, ./b.js, ./c.js, gallery/jquery/1.7.2/jquery, arale/widget/1.0.2/widget, arale/base/1.0.1/base, arale/class/1.0.0/class, arale/events/1.0.0/events
PROCESSING MODULE js/a.js
GENERATE ID    outputTest/0.0.1/js/a
FOUND DEPENDENCIES "js/a.js":  []
BEGIN RESOLVE GLOBAL DEPENDENCIES ...... ./a.js
RESOLVE DEPENDENCIES "js/a.js":  
PROCESSING MODULE js/b.js
GENERATE ID    outputTest/0.0.1/js/b
FOUND DEPENDENCIES "js/b.js":  []
BEGIN RESOLVE GLOBAL DEPENDENCIES ...... ./b.js
RESOLVE DEPENDENCIES "js/b.js":  
PROCESSING MODULE js/c.js
GENERATE ID    outputTest/0.0.1/js/c
FOUND DEPENDENCIES "js/c.js":  []
BEGIN RESOLVE GLOBAL DEPENDENCIES ...... ./c.js
RESOLVE DEPENDENCIES "js/c.js":  
PROCESSING MODULE localMerge.js
GENERATE ID    outputTest/0.0.1/localMerge
FOUND DEPENDENCIES "localMerge.js":  [ '$', 'widget', './a.js', './b.js', './c.js' ]
FOUND DEPENDENCIES "./a.js":  []
resolved------> ./a.js [ './localMerge.js', '$', 'widget', './a.js' ] ./a.js ./a.js
FOUND DEPENDENCIES "./b.js":  []
resolved------> ./b.js [ './localMerge.js', '$', 'widget', './a.js', './a.js', './b.js' ] ./b.js ./b.js
FOUND DEPENDENCIES "./c.js":  []
resolved------> ./c.js [ './localMerge.js',
  '$',
  'widget',
  './a.js',
  './a.js',
  './b.js',
  './b.js',
  './c.js' ] ./c.js ./c.js
BEGIN RESOLVE GLOBAL DEPENDENCIES ...... ./localMerge.js,$,widget,./a.js,./b.js,./c.js
cache ----------------> gallery/jquery/1.7.2/jquery
cache ----------------> arale/widget/1.0.2/widget
RESOLVE DEPENDENCIES "localMerge.js":  ./a.js, ./b.js, ./c.js, gallery/jquery/1.7.2/jquery, arale/widget/1.0.2/widget, arale/base/1.0.1/base, arale/class/1.0.0/class, arale/events/1.0.0/events
PROCESSING MODULE plugins/p1.js
GENERATE ID    outputTest/0.0.1/plugins/p1
FOUND DEPENDENCIES "plugins/p1.js":  []
BEGIN RESOLVE GLOBAL DEPENDENCIES ...... ./p1.js
RESOLVE DEPENDENCIES "plugins/p1.js":  
PROCESSING MODULE plugins/p2.js
GENERATE ID    outputTest/0.0.1/plugins/p2
FOUND DEPENDENCIES "plugins/p2.js":  []
BEGIN RESOLVE GLOBAL DEPENDENCIES ...... ./p2.js
RESOLVE DEPENDENCIES "plugins/p2.js":  
SPM PLUGIN DEPENDENCIES EXECUTION SUCCESSFULLY!
--- SPM PLUGIN DEPCHECK ---
SPM PLUGIN DEPCHECK EXECUTION SUCCESSFULLY!
--- SPM PLUGIN TPL ---
SPM PLUGIN TPL EXECUTION SUCCESSFULLY!
--- SPM PLUGIN CSS ---
SPM PLUGIN CSS EXECUTION SUCCESSFULLY!
--- SPM PLUGIN OUTPUT ---
[ './a.js', './b.js', './c.js', './excludeMergeA.js' ]
---- ./a.js -1 -1
---- ./b.js -1 -1
---- ./c.js -1 -1
---- ./excludeMergeA.js -1 -1
filted includes: [ './a.js', './b.js', './c.js', './excludeMergeA.js' ]
[ './a.js',
  './b.js',
  './c.js',
  'gallery/jquery/1.7.2/jquery',
  'arale/widget/1.0.2/widget',
  'arale/base/1.0.1/base',
  'arale/class/1.0.0/class',
  'arale/events/1.0.0/events',
  './excludeMergeB.js' ]
---- ./a.js -1 -1
---- ./b.js -1 -1
---- ./c.js -1 -1
---- gallery/jquery/1.7.2/jquery -1 -1
---- arale/widget/1.0.2/widget -1 -1
---- arale/base/1.0.1/base -1 -1
---- arale/class/1.0.0/class -1 -1
---- arale/events/1.0.0/events -1 -1
---- ./excludeMergeB.js -1 -1
filted includes: [ './a.js',
  './b.js',
  './c.js',
  'gallery/jquery/1.7.2/jquery',
  'arale/widget/1.0.2/widget',
  'arale/base/1.0.1/base',
  'arale/class/1.0.0/class',
  'arale/events/1.0.0/events',
  './excludeMergeB.js' ]
---- ./a.js -1
---- ./b.js -1
---- ./a.js -1
---- ./b.js -1
---- ./c.js -1
---- ./plugins/p1.js -1
---- ./plugins/p2.js -1
---- ./allMerge.js -1
---- ./c.js -1
---- ./js/a.js -1
---- ./js/b.js -1
---- ./js/c.js -1
---- ./a.js -1
---- ./b.js -1
---- ./c.js -1
---- ./plugins/p1.js -1
---- ./plugins/p2.js -1
---- gallery/jquery/1.7.2/jquery -1
---- arale/widget/1.0.2/widget -1
---- arale/base/1.0.1/base -1
---- arale/class/1.0.0/class -1
---- arale/events/1.0.0/events -1
---- ./allMerge.js -1
fetch module gallery/jquery/1.7.2/jquery-debug
find requestUrl---> /Users/kanghui/.spm/sources/127.0.0.1-8000/gallery/jquery/1.7.2/jquery-debug.js
fetch module gallery/jquery/1.7.2/jquery
find requestUrl---> /Users/kanghui/.spm/sources/127.0.0.1-8000/gallery/jquery/1.7.2/jquery.js
fetch module arale/widget/1.0.2/widget-debug
find requestUrl---> /Users/kanghui/.spm/sources/127.0.0.1-8000/arale/widget/1.0.2/widget-debug.js
fetch module arale/widget/1.0.2/widget
find requestUrl---> /Users/kanghui/.spm/sources/127.0.0.1-8000/arale/widget/1.0.2/widget.js
fetch module arale/base/1.0.1/base-debug
find requestUrl---> /Users/kanghui/.spm/sources/127.0.0.1-8000/arale/base/1.0.1/base-debug.js
fetch module arale/base/1.0.1/base
find requestUrl---> /Users/kanghui/.spm/sources/127.0.0.1-8000/arale/base/1.0.1/base.js
fetch module arale/class/1.0.0/class-debug
find requestUrl---> /Users/kanghui/.spm/sources/127.0.0.1-8000/arale/class/1.0.0/class-debug.js
fetch module arale/class/1.0.0/class
find requestUrl---> /Users/kanghui/.spm/sources/127.0.0.1-8000/arale/class/1.0.0/class.js
fetch module arale/events/1.0.0/events-debug
find requestUrl---> /Users/kanghui/.spm/sources/127.0.0.1-8000/arale/events/1.0.0/events-debug.js
fetch module arale/events/1.0.0/events
find requestUrl---> /Users/kanghui/.spm/sources/127.0.0.1-8000/arale/events/1.0.0/events.js
---- ./a.js -1
---- ./b.js -1
---- ./c.js -1
---- ./localMerge.js -1
---- ./a.js -1
---- ./b.js -1
---- ./c.js -1
---- ./plugins/p1.js -1
---- ./plugins/p2.js -1
---- gallery/jquery/1.7.2/jquery -1
---- arale/widget/1.0.2/widget -1
---- arale/base/1.0.1/base -1
---- arale/class/1.0.0/class -1
---- arale/events/1.0.0/events -1
---- ./allMerge.js -1
fetch module gallery/jquery/1.7.2/jquery-debug
find requestUrl---> /Users/kanghui/.spm/sources/127.0.0.1-8000/gallery/jquery/1.7.2/jquery-debug.js
fetch module gallery/jquery/1.7.2/jquery
find requestUrl---> /Users/kanghui/.spm/sources/127.0.0.1-8000/gallery/jquery/1.7.2/jquery.js
fetch module arale/widget/1.0.2/widget-debug
find requestUrl---> /Users/kanghui/.spm/sources/127.0.0.1-8000/arale/widget/1.0.2/widget-debug.js
fetch module arale/widget/1.0.2/widget
find requestUrl---> /Users/kanghui/.spm/sources/127.0.0.1-8000/arale/widget/1.0.2/widget.js
fetch module arale/base/1.0.1/base-debug
find requestUrl---> /Users/kanghui/.spm/sources/127.0.0.1-8000/arale/base/1.0.1/base-debug.js
fetch module arale/base/1.0.1/base
find requestUrl---> /Users/kanghui/.spm/sources/127.0.0.1-8000/arale/base/1.0.1/base.js
fetch module arale/class/1.0.0/class-debug
find requestUrl---> /Users/kanghui/.spm/sources/127.0.0.1-8000/arale/class/1.0.0/class-debug.js
fetch module arale/class/1.0.0/class
find requestUrl---> /Users/kanghui/.spm/sources/127.0.0.1-8000/arale/class/1.0.0/class.js
fetch module arale/events/1.0.0/events-debug
find requestUrl---> /Users/kanghui/.spm/sources/127.0.0.1-8000/arale/events/1.0.0/events-debug.js
fetch module arale/events/1.0.0/events
find requestUrl---> /Users/kanghui/.spm/sources/127.0.0.1-8000/arale/events/1.0.0/events.js
---- ./arrayMerge.js -1
---- ./a.js -1
---- ./b.js -1
---- ./c.js -1
---- ./a.js -1
---- ./b.js -1
---- ./c.js -1
---- ./excludeMergeA.js -1
---- ./a.js -1
---- ./b.js -1
---- ./c.js -1
---- gallery/jquery/1.7.2/jquery -1
---- arale/widget/1.0.2/widget -1
---- arale/base/1.0.1/base -1
---- arale/class/1.0.0/class -1
---- arale/events/1.0.0/events -1
---- ./excludeMergeB.js -1
fetch module gallery/jquery/1.7.2/jquery-debug
find requestUrl---> /Users/kanghui/.spm/sources/127.0.0.1-8000/gallery/jquery/1.7.2/jquery-debug.js
fetch module gallery/jquery/1.7.2/jquery
find requestUrl---> /Users/kanghui/.spm/sources/127.0.0.1-8000/gallery/jquery/1.7.2/jquery.js
fetch module arale/widget/1.0.2/widget-debug
find requestUrl---> /Users/kanghui/.spm/sources/127.0.0.1-8000/arale/widget/1.0.2/widget-debug.js
fetch module arale/widget/1.0.2/widget
find requestUrl---> /Users/kanghui/.spm/sources/127.0.0.1-8000/arale/widget/1.0.2/widget.js
fetch module arale/base/1.0.1/base-debug
find requestUrl---> /Users/kanghui/.spm/sources/127.0.0.1-8000/arale/base/1.0.1/base-debug.js
fetch module arale/base/1.0.1/base
find requestUrl---> /Users/kanghui/.spm/sources/127.0.0.1-8000/arale/base/1.0.1/base.js
fetch module arale/class/1.0.0/class-debug
find requestUrl---> /Users/kanghui/.spm/sources/127.0.0.1-8000/arale/class/1.0.0/class-debug.js
fetch module arale/class/1.0.0/class
find requestUrl---> /Users/kanghui/.spm/sources/127.0.0.1-8000/arale/class/1.0.0/class.js
fetch module arale/events/1.0.0/events-debug
find requestUrl---> /Users/kanghui/.spm/sources/127.0.0.1-8000/arale/events/1.0.0/events-debug.js
fetch module arale/events/1.0.0/events
find requestUrl---> /Users/kanghui/.spm/sources/127.0.0.1-8000/arale/events/1.0.0/events.js
---- ./plugins/p1.js -1
---- ./plugins/p2.js -1
SPM PLUGIN OUTPUT EXECUTION SUCCESSFULLY!
--- SPM PLUGIN MIN ---
SPM PLUGIN MIN EXECUTION SUCCESSFULLY!
--- SPM PLUGIN INSTALL ---
SPM PLUGIN INSTALL EXECUTION SUCCESSFULLY!
--- SPM PLUGIN ZIP ---
SPM PLUGIN ZIP EXECUTION SUCCESSFULLY!
--- SPM PLUGIN CLEAN ---
SPM PLUGIN CLEAN EXECUTION SUCCESSFULLY!
------------------------------------------------------------------------
BUILD SUCCESS!
------------------------------------------------------------------------
․

